16:33:05.462 Xcode[7463:10555363] Beginning test session 85DFC3A0-8018-40BD-9103-D720FDCD877A with Xcode 7D175 on target <DVTiPhoneSimulator: 0x7fcc587b7170> {
		SimDevice: SimDevice : iPhone 6 (D809AEA1-2805-4FE7-99F2-87D620F21C5D) : state={ Booted } deviceType={ SimDeviceType : com.apple.CoreSimulator.SimDeviceType.iPhone-6 } runtime={ SimRuntime : 9.3 (13E230) - com.apple.CoreSimulator.SimRuntime.iOS-9-3 }
} (9.3 (13E230))
16:33:05.463 Xcode[7463:10555363] Launching with Xcode.DebuggerFoundation.Launcher.LLDB
16:33:05.463 Xcode[7463:10555363] Initializing test infrastructure.
16:33:05.463 Xcode[7463:11242442] D809AEA1-2805-4FE7-99F2-87D620F21C5D: Registered for sim device notification, got token 83
16:33:05.463 Xcode[7463:11242442] D809AEA1-2805-4FE7-99F2-87D620F21C5D: Unregistering for sim device notification with token 83
16:33:05.463 Xcode[7463:11242442] Sim iPhone 6 is booted (state = 3)
16:33:05.463 Xcode[7463:11242442] Calling -[SimDevice getenv:error:] for TESTMANAGERD_SIM_SOCK
16:33:05.464 Xcode[7463:11242442] Returning /private/tmp/com.apple.launchd.Us7MqqcQA7/com.apple.testmanagerd.unix-domain.socket for TESTMANAGERD_SIM_SOCK
16:33:05.464 Xcode[7463:11242442] Sim iPhone 6 has testmanagerd socket at /private/tmp/com.apple.launchd.Us7MqqcQA7/com.apple.testmanagerd.unix-domain.socket
16:33:05.464 Xcode[7463:11242442] Connected to testmanagerd socket for Sim iPhone 6
16:33:05.464 Xcode[7463:11242442] Creating the connection.
16:33:05.464 Xcode[7463:11242442] Listening for proxy connection request from the test bundle (all platforms)
16:33:05.464 Xcode[7463:11242442] Resuming the connection.
16:33:05.464 Xcode[7463:11242442] Test connection requires daemon assistance.
16:33:05.472 Xcode[7463:11244928] D809AEA1-2805-4FE7-99F2-87D620F21C5D: Registered for sim device notification, got token 84
16:33:05.472 Xcode[7463:11244928] D809AEA1-2805-4FE7-99F2-87D620F21C5D: Unregistering for sim device notification with token 84
16:33:05.472 Xcode[7463:11244928] Sim iPhone 6 is booted (state = 3)
16:33:05.472 Xcode[7463:11244928] Calling -[SimDevice getenv:error:] for TESTMANAGERD_SIM_SOCK
16:33:05.473 Xcode[7463:11244928] Returning /private/tmp/com.apple.launchd.Us7MqqcQA7/com.apple.testmanagerd.unix-domain.socket for TESTMANAGERD_SIM_SOCK
16:33:05.473 Xcode[7463:11244928] Sim iPhone 6 has testmanagerd socket at /private/tmp/com.apple.launchd.Us7MqqcQA7/com.apple.testmanagerd.unix-domain.socket
16:33:05.473 Xcode[7463:11244928] Connected to testmanagerd socket for Sim iPhone 6
16:33:05.486 Xcode[7463:10555363] Received Ready from iPhoneSimulator
16:33:05.486 Xcode[7463:10555363] Sending notification: NSConcreteNotification 0x7fcc5c0a8050 {name = com.apple.iphonesimulator.startSession; userInfo = {
    deviceUDID = "D809AEA1-2805-4FE7-99F2-87D620F21C5D";
}}
16:33:05.487 Xcode[7463:10555363] Received Ready from iPhoneSimulator
16:33:05.487 Xcode[7463:10555363] Sending notification: NSConcreteNotification 0x7fcc5e0ef5d0 {name = com.apple.iphonesimulator.startSession; userInfo = {
    deviceUDID = "D809AEA1-2805-4FE7-99F2-87D620F21C5D";
}}
16:33:05.535 Xcode[7463:10555363] Checking test manager availability..., will wait up to 120s
16:33:05.535 Xcode[7463:10555363] Starting test session with ID <__NSConcreteUUID 0x7fcc5e332e10> 85DFC3A0-8018-40BD-9103-D720FDCD877A
16:33:05.574 Xcode[7463:11244763] testmanagerd handled session request.
16:33:05.574 Xcode[7463:10555363] Waiting for test process to launch.
16:33:06.402 Xcode[7463:10555363] Launch session started, setting a disallow-finish-token on the run operation.
16:33:06.521 Xcode[7463:10555363] Adding console adaptor <IDEConsoleAdaptor: 0x7fcc29585ef0 'target'> for test session 85DFC3A0-8018-40BD-9103-D720FDCD877A.
16:33:06.521 Xcode[7463:11247118] D809AEA1-2805-4FE7-99F2-87D620F21C5D: Registered for sim device notification, got token 85
16:33:06.522 Xcode[7463:11247173] D809AEA1-2805-4FE7-99F2-87D620F21C5D: Unregistering for sim device notification with token 85
16:33:06.523 Xcode[7463:11247174] D809AEA1-2805-4FE7-99F2-87D620F21C5D: Installing app at path: /Users/miguelag/Library/Developer/Xcode/DerivedData/glass-dnaqszbrduovwsaqvpdtyxilmitj/Build/Intermediates/CodeCoverage/Products/Debug-iphonesimulator/glass_CH.app and options: {
    CFBundleIdentifier = "com.axa.app.glass.dev.ch";
}
16:33:06.530 Xcode[7463:10555363] Received Ready from iPhoneSimulator
16:33:06.530 Xcode[7463:10555363] Sending notification: NSConcreteNotification 0x7fcc375243f0 {name = com.apple.iphonesimulator.startSession; userInfo = {
    deviceUDID = "D809AEA1-2805-4FE7-99F2-87D620F21C5D";
}}
16:33:06.531 Xcode[7463:10555363] Received Ready from iPhoneSimulator
16:33:06.531 Xcode[7463:10555363] Sending notification: NSConcreteNotification 0x7fcc5b540510 {name = com.apple.iphonesimulator.startSession; userInfo = {
    deviceUDID = "D809AEA1-2805-4FE7-99F2-87D620F21C5D";
}}
16:33:09.475 Xcode[7463:11247174] D809AEA1-2805-4FE7-99F2-87D620F21C5D: Installed app at path: /Users/miguelag/Library/Developer/Xcode/DerivedData/glass-dnaqszbrduovwsaqvpdtyxilmitj/Build/Intermediates/CodeCoverage/Products/Debug-iphonesimulator/glass_CH.app and options: {
    CFBundleIdentifier = "com.axa.app.glass.dev.ch";
}
16:33:09.477 Xcode[7463:11247174] D809AEA1-2805-4FE7-99F2-87D620F21C5D: Launching app with identifier: com.axa.app.glass.dev.ch and options: {
    arguments =     (
        "-NSTreatUnknownArgumentsAsOpen",
        NO,
        "-ApplePersistenceIgnoreState",
        YES
    );
    environment =     {
        "DTX_CONNECTION_SERVICES_PATH" = "/Applications/Xcode.app/Contents/Developer/Platforms/iPhoneSimulator.platform/Developer/SDKs/iPhoneSimulator.sdk/Developer/Library/PrivateFrameworks/DTXConnectionServices.framework";
        "DYLD_FRAMEWORK_PATH" = "/Users/miguelag/Library/Developer/Xcode/DerivedData/glass-dnaqszbrduovwsaqvpdtyxilmitj/Build/Intermediates/CodeCoverage/Products/Debug-iphonesimulator:/Applications/Xcode.app/Contents/Developer/Platforms/iPhoneSimulator.platform/Developer/Library/Frameworks";
        "DYLD_INSERT_LIBRARIES" = "/Applications/Xcode.app/Contents/Developer/Platforms/iPhoneSimulator.platform/Developer/Library/PrivateFrameworks/IDEBundleInjection.framework/IDEBundleInjection";
        "DYLD_LIBRARY_PATH" = "/Users/miguelag/Library/Developer/Xcode/DerivedData/glass-dnaqszbrduovwsaqvpdtyxilmitj/Build/Intermediates/CodeCoverage/Products/Debug-iphonesimulator:/Applications/Xcode.app/Contents/Developer/Platforms/iPhoneSimulator.platform/Developer/Library/Frameworks";
        "LLVM_PROFILE_FILE" = "/var/folders/g2/l3xrtm1n77g7r9rwx877q3dnw_cgq3/T/com.axa.app.glass.dev.ch/97623B93-8C1A-45C3-BE45-43FDBA4842F8-7463-0000FF05C27E8FF9/glass_CH.app-%p.profdata";
        NSApplicationQuitWithoutSuddenTermination = YES;
        NSUnbufferedIO = YES;
        "OBJC_DISABLE_GC" = YES;
        XCInjectBundleInto = "/Users/miguelag/Library/Developer/Xcode/DerivedData/glass-dnaqszbrduovwsaqvpdtyxilmitj/Build/Intermediates/CodeCoverage/Products/Debug-iphonesimulator/glass_CH.app/glass_CH";
        "XCODE_DBG_XPC_EXCLUSIONS" = "com.apple.dt.xctestSymbolicator";
        XCTestConfigurationFilePath = "/Users/miguelag/Library/Developer/Xcode/DerivedData/glass-dnaqszbrduovwsaqvpdtyxilmitj/Build/Intermediates/CodeCoverage/Products/Debug-iphonesimulator/glass_CH.app/PlugIns/glass_CH_Tests.xctest/glass_CH_Tests-85DFC3A0-8018-40BD-9103-D720FDCD877A.xctestconfiguration";
        "__XPC_LLVM_PROFILE_FILE" = "/var/folders/g2/l3xrtm1n77g7r9rwx877q3dnw_cgq3/T/com.axa.app.glass.dev.ch/97623B93-8C1A-45C3-BE45-43FDBA4842F8-7463-0000FF05C27E8FF9/glass_CH.app-%p.profdata";
    };
    stderr = "/dev/ttys002";
    stdout = "/dev/ttys002";
    "wait_for_debugger" = 1;
}
16:33:09.504 Xcode[7463:11247119] D809AEA1-2805-4FE7-99F2-87D620F21C5D: Launched app with identifier: com.axa.app.glass.dev.ch (pid = 13470)
16:33:09.504 Xcode[7463:11247119] Tracking pid 13470 for simulator <DVTiPhoneSimulator: 0x7fcc587b7170> {
		SimDevice: SimDevice : iPhone 6 (D809AEA1-2805-4FE7-99F2-87D620F21C5D) : state={ Booted } deviceType={ SimDeviceType : com.apple.CoreSimulator.SimDeviceType.iPhone-6 } runtime={ SimRuntime : 9.3 (13E230) - com.apple.CoreSimulator.SimRuntime.iOS-9-3 }
}
16:33:09.504 Xcode[7463:11247119] Checking to see if pid 13470 is valid: kill(pid, 0) = 0 (YES, it's still running)
16:33:09.504 Xcode[7463:11247119] Setting up DVTNotifyOnProcDeath for pid 13470
16:33:11.169 Xcode[7463:10555363] Launch session finished initial intensive file IO.
16:33:11.169 Xcode[7463:10555363] Waiting for test process to check in..., will wait up to 120s
16:33:12.269 Xcode[7463:11247192] Got proxy channel request from test bundle
16:33:12.269 Xcode[7463:11247192] Test bundle is ready, running protocol 16, requires at least version 8. IDE is running 16 and requires at least 8
16:33:12.270 Xcode[7463:11247174] Creating secondary transport and connection for whitelisting test process PID.
16:33:12.270 Xcode[7463:11247174] D809AEA1-2805-4FE7-99F2-87D620F21C5D: Registered for sim device notification, got token 86
16:33:12.270 Xcode[7463:11247174] D809AEA1-2805-4FE7-99F2-87D620F21C5D: Unregistering for sim device notification with token 86
16:33:12.270 Xcode[7463:11247174] Sim iPhone 6 is booted (state = 3)
16:33:12.270 Xcode[7463:11247174] Calling -[SimDevice getenv:error:] for TESTMANAGERD_SIM_SOCK
16:33:12.271 Xcode[7463:11247174] Returning /private/tmp/com.apple.launchd.Us7MqqcQA7/com.apple.testmanagerd.unix-domain.socket for TESTMANAGERD_SIM_SOCK
16:33:12.271 Xcode[7463:11247174] Sim iPhone 6 has testmanagerd socket at /private/tmp/com.apple.launchd.Us7MqqcQA7/com.apple.testmanagerd.unix-domain.socket
16:33:12.271 Xcode[7463:11247174] Connected to testmanagerd socket for Sim iPhone 6
16:33:12.271 Xcode[7463:11247174] Creating the connection.
16:33:12.271 Xcode[7463:11247174] Resuming the secondary connection.
16:33:12.271 Xcode[7463:11247174] Whitelisting test process ID 13470
16:33:12.272 Xcode[7463:11247174] Got whitelisting response and daemon protocol version 16
16:33:12.150 glass_CH[13470:11247352] Linked XCTest.framework from /Applications/Xcode.app/Contents/Developer/Platforms/iPhoneSimulator.platform/Developer/Library/Frameworks/XCTest.framework/XCTest, built at Wednesday, March 16, 2016 at 1:32:00 AM Central European Standard Time
16:33:12.150 glass_CH[13470:11247352] Process arguments: (
    "/Users/miguelag/Library/Developer/CoreSimulator/Devices/D809AEA1-2805-4FE7-99F2-87D620F21C5D/data/Containers/Bundle/Application/34FF4DE6-3F14-4770-B01F-57A4B0E41DF4/glass_CH.app/glass_CH",
    "-NSTreatUnknownArgumentsAsOpen",
    NO,
    "-ApplePersistenceIgnoreState",
    YES
)
16:33:12.150 glass_CH[13470:11247352] Process environment: {
    "CFFIXED_USER_HOME" = "/Users/miguelag/Library/Developer/CoreSimulator/Devices/D809AEA1-2805-4FE7-99F2-87D620F21C5D/data/Containers/Data/Application/8A15D63E-0E0F-4CC4-8562-B4E33154BFE1";
    "CFLOG_FORCE_STDERR" = YES;
    CLASSIC = 0;
    "CUPS_SERVER" = "/private/tmp/com.apple.launchd.8qJMl0UPGu/Listeners";
    "DTX_CONNECTION_SERVICES_PATH" = "/Applications/Xcode.app/Contents/Developer/Platforms/iPhoneSimulator.platform/Developer/SDKs/iPhoneSimulator.sdk/Developer/Library/PrivateFrameworks/DTXConnectionServices.framework";
    "DYLD_FALLBACK_FRAMEWORK_PATH" = "/Applications/Xcode.app/Contents/Developer/Platforms/iPhoneSimulator.platform/Developer/SDKs/iPhoneSimulator.sdk/System/Library/Frameworks";
    "DYLD_FALLBACK_LIBRARY_PATH" = "/Applications/Xcode.app/Contents/Developer/Platforms/iPhoneSimulator.platform/Developer/SDKs/iPhoneSimulator.sdk/usr/lib";
    "DYLD_FRAMEWORK_PATH" = "/Users/miguelag/Library/Developer/Xcode/DerivedData/glass-dnaqszbrduovwsaqvpdtyxilmitj/Build/Intermediates/CodeCoverage/Products/Debug-iphonesimulator:/Applications/Xcode.app/Contents/Developer/Platforms/iPhoneSimulator.platform/Developer/Library/Frameworks";
    "DYLD_INSERT_LIBRARIES" = "";
    "DYLD_LIBRARY_PATH" = "/Users/miguelag/Library/Developer/Xcode/DerivedData/glass-dnaqszbrduovwsaqvpdtyxilmitj/Build/Intermediates/CodeCoverage/Products/Debug-iphonesimulator:/Applications/Xcode.app/Contents/Developer/Platforms/iPhoneSimulator.platform/Developer/Library/Frameworks";
    "DYLD_ROOT_PATH" = "/Applications/Xcode.app/Contents/Developer/Platforms/iPhoneSimulator.platform/Developer/SDKs/iPhoneSimulator.sdk";
    "DYLD_SHARED_REGION" = avoid;
    FBSClientLogging = 0;
    HOME = "/Users/miguelag/Library/Developer/CoreSimulator/Devices/D809AEA1-2805-4FE7-99F2-87D620F21C5D/data/Containers/Data/Application/8A15D63E-0E0F-4CC4-8562-B4E33154BFE1";
    "IOS_SIMULATOR_SYSLOG_SOCKET" = "/private/tmp/com.apple.CoreSimulator.SimDevice.D809AEA1-2805-4FE7-99F2-87D620F21C5D.launchd_sim/syslogsock";
    "IPHONE_SHARED_RESOURCES_DIRECTORY" = "/Users/miguelag/Library/Developer/CoreSimulator/Devices/D809AEA1-2805-4FE7-99F2-87D620F21C5D/data";
    "IPHONE_SIMULATOR_CLASS" = N61;
    "IPHONE_SIMULATOR_DEVICE" = iPhone;
    "IPHONE_SIMULATOR_ROOT" = "/Applications/Xcode.app/Contents/Developer/Platforms/iPhoneSimulator.platform/Developer/SDKs/iPhoneSimulator.sdk";
    "IPHONE_TVOUT_EXTENDED_PROPERTIES" = "/Users/miguelag/Library/Developer/CoreSimulator/Devices/D809AEA1-2805-4FE7-99F2-87D620F21C5D/data/Library/Application Support/iPhone Simulator/com.apple.iphonesimulator/extended_display.plist";
    "LLVM_PROFILE_FILE" = "/var/folders/g2/l3xrtm1n77g7r9rwx877q3dnw_cgq3/T/com.axa.app.glass.dev.ch/97623B93-8C1A-45C3-BE45-43FDBA4842F8-7463-0000FF05C27E8FF9/glass_CH.app-%p.profdata";
    NSApplicationQuitWithoutSuddenTermination = YES;
    NSUnbufferedIO = YES;
    "OBJC_DISABLE_GC" = YES;
    PATH = "/Applications/Xcode.app/Contents/Developer/Platforms/iPhoneSimulator.platform/Developer/SDKs/iPhoneSimulator.sdk/usr/bin:/Applications/Xcode.app/Contents/Developer/Platforms/iPhoneSimulator.platform/Developer/SDKs/iPhoneSimulator.sdk/bin:/Applications/Xcode.app/Contents/Developer/Platforms/iPhoneSimulator.platform/Developer/SDKs/iPhoneSimulator.sdk/usr/sbin:/Applications/Xcode.app/Contents/Developer/Platforms/iPhoneSimulator.platform/Developer/SDKs/iPhoneSimulator.sdk/sbin:/Applications/Xcode.app/Contents/Developer/Platforms/iPhoneSimulator.platform/Developer/SDKs/iPhoneSimulator.sdk/usr/local/bin";
    "SIMULATOR_CAPABILITIES" = "/Applications/Xcode.app/Contents/Developer/Platforms/iPhoneSimulator.platform/Developer/Library/CoreSimulator/Profiles/DeviceTypes/iPhone 6.simdevicetype/Contents/Resources/capabilities.plist";
    "SIMULATOR_DEVICE_NAME" = "iPhone 6";
    "SIMULATOR_EXTENDED_DISPLAY_PROPERTIES" = "/Users/miguelag/Library/Developer/CoreSimulator/Devices/D809AEA1-2805-4FE7-99F2-87D620F21C5D/data/Library/Application Support/iPhone Simulator/com.apple.iphonesimulator/extended_display.plist";
    "SIMULATOR_HOST_HOME" = "/Users/miguelag";
    "SIMULATOR_LEGACY_ASSET_SUFFIX" = iphone;
    "SIMULATOR_LOG_ROOT" = "/Users/miguelag/Library/Logs/CoreSimulator/D809AEA1-2805-4FE7-99F2-87D620F21C5D";
    "SIMULATOR_MAINSCREEN_HEIGHT" = 1334;
    "SIMULATOR_MAINSCREEN_PITCH" = "326.000000";
    "SIMULATOR_MAINSCREEN_SCALE" = "2.000000";
    "SIMULATOR_MAINSCREEN_WIDTH" = 750;
    "SIMULATOR_MEMORY_WARNINGS" = "/Users/miguelag/Library/Developer/CoreSimulator/Devices/D809AEA1-2805-4FE7-99F2-87D620F21C5D/data/var/run/memory_warning_simulation";
    "SIMULATOR_MODEL_IDENTIFIER" = "iPhone7,2";
    "SIMULATOR_PLATFORM_RUNTIME_OVERLAY_ROOT" = "/Applications/Xcode.app/Contents/Developer/Platforms/iPhoneSimulator.platform/Developer/Library/CoreSimulator/RuntimeOverlay";
    "SIMULATOR_ROOT" = "/Applications/Xcode.app/Contents/Developer/Platforms/iPhoneSimulator.platform/Developer/SDKs/iPhoneSimulator.sdk";
    "SIMULATOR_RUNTIME_BUILD_VERSION" = 13E230;
    "SIMULATOR_RUNTIME_VERSION" = "9.3";
    "SIMULATOR_SHARED_RESOURCES_DIRECTORY" = "/Users/miguelag/Library/Developer/CoreSimulator/Devices/D809AEA1-2805-4FE7-99F2-87D620F21C5D/data";
    "SIMULATOR_UDID" = "D809AEA1-2805-4FE7-99F2-87D620F21C5D";
    "SIMULATOR_VERSION_INFO" = "CoreSimulator 209.19 - Device: iPhone 6 - Runtime: iOS 9.3 (13E230) - DeviceType: iPhone 6";
    "TESTMANAGERD_SIM_SOCK" = "/private/tmp/com.apple.launchd.Us7MqqcQA7/com.apple.testmanagerd.unix-domain.socket";
    TMPDIR = "/Users/miguelag/Library/Developer/CoreSimulator/Devices/D809AEA1-2805-4FE7-99F2-87D620F21C5D/data/Containers/Data/Application/8A15D63E-0E0F-4CC4-8562-B4E33154BFE1/tmp";
    XCInjectBundleInto = "/Users/miguelag/Library/Developer/Xcode/DerivedData/glass-dnaqszbrduovwsaqvpdtyxilmitj/Build/Intermediates/CodeCoverage/Products/Debug-iphonesimulator/glass_CH.app/glass_CH";
    "XCODE_DBG_XPC_EXCLUSIONS" = "com.apple.dt.xctestSymbolicator";
    XCTestConfigurationFilePath = "/Users/miguelag/Library/Developer/Xcode/DerivedData/glass-dnaqszbrduovwsaqvpdtyxilmitj/Build/Intermediates/CodeCoverage/Products/Debug-iphonesimulator/glass_CH.app/PlugIns/glass_CH_Tests.xctest/glass_CH_Tests-85DFC3A0-8018-40BD-9103-D720FDCD877A.xctestconfiguration";
    "XPC_FLAGS" = 0x0;
    "XPC_SERVICE_NAME" = "UIKitApplication:com.axa.app.glass.dev.ch[0xbcff]";
    "XPC_SIMULATOR_LAUNCHD_NAME" = "com.apple.CoreSimulator.SimDevice.D809AEA1-2805-4FE7-99F2-87D620F21C5D.launchd_sim";
    "__XPC_LLVM_PROFILE_FILE" = "/var/folders/g2/l3xrtm1n77g7r9rwx877q3dnw_cgq3/T/com.axa.app.glass.dev.ch/97623B93-8C1A-45C3-BE45-43FDBA4842F8-7463-0000FF05C27E8FF9/glass_CH.app-%p.profdata";
}
16:33:12.150 glass_CH[13470:11247352] Loading DTXConnectionServices from /Applications/Xcode.app/Contents/Developer/Platforms/iPhoneSimulator.platform/Developer/SDKs/iPhoneSimulator.sdk/Developer/Library/PrivateFrameworks/DTXConnectionServices.framework
16:33:12.157 glass_CH[13470:11247352] Session ID <__NSConcreteUUID 0x7fae8240e810> 85DFC3A0-8018-40BD-9103-D720FDCD877A
16:33:12.157 glass_CH[13470:11247352] Registering for testmanagerd availability notify post.
16:33:12.157 glass_CH[13470:11247352] testmanagerd availability confirmed via notify_get_state.
16:33:12.157 glass_CH[13470:11247352] Initiating connection to testmanagerd to request socket for IDE connection.
16:33:12.268 glass_CH[13470:11247434] Got socket 9 from daemon, making connection to IDE
16:33:12.268 glass_CH[13470:11247434] Creating connection with transport
16:33:12.269 glass_CH[13470:11247434] Resuming connection
16:33:12.269 glass_CH[13470:11247434] Messaging IDE proxy - _XCT_testBundleReadyWithProtocolVersion:16 minimumVersion:8
16:33:12.275 Xcode[7463:10555363] Starting test plan, clearing initialization timeout timer.
16:33:12.275 glass_CH[13470:11247352] -[XCTestDriver _runSuite]
16:33:12.275 glass_CH[13470:11247352] Loading test suite...
objc[13470]: Class ImageMetadataUtils is implemented in both /Users/miguelag/Library/Developer/CoreSimulator/Devices/D809AEA1-2805-4FE7-99F2-87D620F21C5D/data/Containers/Bundle/Application/34FF4DE6-3F14-4770-B01F-57A4B0E41DF4/glass_CH.app/glass_CH and /Users/miguelag/Library/Developer/Xcode/DerivedData/glass-dnaqszbrduovwsaqvpdtyxilmitj/Build/Intermediates/CodeCoverage/Products/Debug-iphonesimulator/glass_CH.app/PlugIns/glass_CH_Tests.xctest/glass_CH_Tests. One of the two will be used. Which one is undefined.
objc[13470]: Class ItemUseCasesImp is implemented in both /Users/miguelag/Library/Developer/CoreSimulator/Devices/D809AEA1-2805-4FE7-99F2-87D620F21C5D/data/Containers/Bundle/Application/34FF4DE6-3F14-4770-B01F-57A4B0E41DF4/glass_CH.app/glass_CH and /Users/miguelag/Library/Developer/Xcode/DerivedData/glass-dnaqszbrduovwsaqvpdtyxilmitj/Build/Intermediates/CodeCoverage/Products/Debug-iphonesimulator/glass_CH.app/PlugIns/glass_CH_Tests.xctest/glass_CH_Tests. One of the two will be used. Which one is undefined.
objc[13470]: Class DateUtils is implemented in both /Users/miguelag/Library/Developer/CoreSimulator/Devices/D809AEA1-2805-4FE7-99F2-87D620F21C5D/data/Containers/Bundle/Application/34FF4DE6-3F14-4770-B01F-57A4B0E41DF4/glass_CH.app/glass_CH and /Users/miguelag/Library/Developer/Xcode/DerivedData/glass-dnaqszbrduovwsaqvpdtyxilmitj/Build/Intermediates/CodeCoverage/Products/Debug-iphonesimulator/glass_CH.app/PlugIns/glass_CH_Tests.xctest/glass_CH_Tests. One of the two will be used. Which one is undefined.
2016-05-13 16:33:11.400 glass_CH[13470:11247352] [AMFATCheck] ✓ 34fb3900d13952bef7966ff1020b1f0e AppConfig.json
2016-05-13 16:33:11.412 glass_CH[13470:11247352] [Crashlytics] Version 3.7.0 (102)
2016-05-13 16:33:11.568 glass_CH[13470:11247352] MARKKKKK STARTEDAPP
16:33:12.270 glass_CH[13470:11247434] _XCT_testBundleReadyWithProtocolVersion:minimumVersion: reply received
16:33:12.272 glass_CH[13470:11247434] _IDE_startExecutingTestPlanWithProtocolVersion:16
Test Suite 'All tests' started at 2016-05-13 16:33:12.326
Test Suite 'glass_CH_Tests.xctest' started at 2016-05-13 16:33:12.327
Test Suite 'UN_ImageMetadataUtilsTest' started at 2016-05-13 16:33:12.327
Test Case '-[UN_ImageMetadataUtilsTest testGetTheImagesToBeAddedLocally4Item_withLocalImages_Add1ImageAsPhoto]' started.
Test Case '-[UN_ImageMetadataUtilsTest testGetTheImagesToBeAddedLocally4Item_withLocalImages_Add1ImageAsPhoto]' passed (0.002 seconds).
Test Case '-[UN_ImageMetadataUtilsTest testGetTheImagesToBeAddedLocally4Item_withLocalImages_Add1ImageAsReceip]' started.
Test Case '-[UN_ImageMetadataUtilsTest testGetTheImagesToBeAddedLocally4Item_withLocalImages_Add1ImageAsReceip]' passed (0.000 seconds).
Test Case '-[UN_ImageMetadataUtilsTest testGetTheImagesToBeAddedLocally4Item_withLocalImages_DeletingPhotos]' started.
Test Case '-[UN_ImageMetadataUtilsTest testGetTheImagesToBeAddedLocally4Item_withLocalImages_DeletingPhotos]' passed (0.000 seconds).
Test Case '-[UN_ImageMetadataUtilsTest testGetTheImagesToBeAddedLocally4Item_withLocalImages_DeletingReceipts]' started.
Test Case '-[UN_ImageMetadataUtilsTest testGetTheImagesToBeAddedLocally4Item_withLocalImages_DeletingReceipts]' passed (0.001 seconds).
Test Case '-[UN_ImageMetadataUtilsTest testGetTheImagesToBeAddedLocally4Item_withLocalImages_NoImages]' started.
Test Case '-[UN_ImageMetadataUtilsTest testGetTheImagesToBeAddedLocally4Item_withLocalImages_NoImages]' passed (0.000 seconds).
Test Case '-[UN_ImageMetadataUtilsTest testGetTheImagesToBeAddedLocally4Item_withLocalImages_NoImagesAdded]' started.
Test Case '-[UN_ImageMetadataUtilsTest testGetTheImagesToBeAddedLocally4Item_withLocalImages_NoImagesAdded]' passed (0.000 seconds).
Test Case '-[UN_ImageMetadataUtilsTest testGetTheImagesToDeleteInTheCloud4Item_withItemBase_AddingPhotos]' started.
Test Case '-[UN_ImageMetadataUtilsTest testGetTheImagesToDeleteInTheCloud4Item_withItemBase_AddingPhotos]' passed (0.001 seconds).
16:33:12.325 glass_CH[13470:11247352] Finished loading test suite, took 0.050s
16:33:12.326 glass_CH[13470:11247352] -[_XCTestDriverTestObserver testBundleWillStart:]
16:33:12.326 glass_CH[13470:11247352] Running suite...
16:33:12.326 glass_CH[13470:11247352] -[_XCTestDriverTestObserver testSuiteWillStart:]
16:33:12.338 Xcode[7463:11247115] (LOG ARBITER) Dumping buffered message data; 0 messages.
16:33:12.339 Xcode[7463:11247115] (LOG ARBITER) Dumping buffered message data; 0 messages.
16:33:12.340 Xcode[7463:11247115] (LOG ARBITER) Dumping buffered message data; 0 messages.
16:33:12.341 Xcode[7463:11247115] (LOG ARBITER) Dumping buffered message data; 0 messages.
16:33:12.341 Xcode[7463:11247171] (LOG ARBITER) Dumping buffered message data; 0 messages.
16:33:12.342 Xcode[7463:11247115] (LOG ARBITER) Dumping buffered message data; 0 messages.
16:33:12.342 Xcode[7463:11247171] (LOG ARBITER) Dumping buffered message data; 0 messages.
16:33:12.343 Xcode[7463:11247171] (LOG ARBITER) Dumping buffered message data; 0 messages.
16:33:12.343 Xcode[7463:11247115] (LOG ARBITER) Dumping buffered message data; 0 messages.
16:33:12.343 Xcode[7463:11247115] (LOG ARBITER) Dumping buffered message data; 0 messages.
16:33:12.343 Xcode[7463:11247171] (LOG ARBITER) Dumping buffered message data; 0 messages.
16:33:12.344 Xcode[7463:11247171] (LOG ARBITER) Dumping buffered message data; 0 messages.
16:33:12.481 Xcode[7463:11247171] (LOG ARBITER) Dumping buffered message data; 0 messages.
16:33:12.482 Xcode[7463:11247171] (LOG ARBITER) Dumping buffered message data; 0 messages.
16:33:12.483 Xcode[7463:11247115] (LOG ARBITER) Dumping buffered message data; 0 messages.
16:33:12.483 Xcode[7463:11247171] (LOG ARBITER) Dumping buffered message data; 0 messages.
16:33:12.484 Xcode[7463:11247171] (LOG ARBITER) Dumping buffered message data; 0 messages.
16:33:12.485 Xcode[7463:11247171] (LOG ARBITER) Dumping buffered message data; 0 messages.
16:33:12.486 Xcode[7463:11247171] (LOG ARBITER) Dumping buffered message data; 0 messages.
16:33:12.487 Xcode[7463:11247115] (LOG ARBITER) Dumping buffered message data; 0 messages.
16:33:12.488 Xcode[7463:11247171] (LOG ARBITER) Dumping buffered message data; 0 messages.
16:33:12.488 Xcode[7463:11247171] (LOG ARBITER) Dumping buffered message data; 0 messages.
16:33:12.489 Xcode[7463:11247115] (LOG ARBITER) Dumping buffered message data; 0 messages.
16:33:12.490 Xcode[7463:11247115] (LOG ARBITER) Dumping buffered message data; 0 messages.
16:33:12.491 Xcode[7463:11247115] (LOG ARBITER) Dumping buffered message data; 0 messages.
16:33:12.731 Xcode[7463:11244341] (LOG ARBITER) Dumping buffered message data; 0 messages.
16:33:12.756 Xcode[7463:11247118] (LOG ARBITER) Dumping buffered message data; 0 messages.
16:33:12.757 Xcode[7463:11247118] (LOG ARBITER) Dumping buffered message data; 0 messages.
16:33:12.758 Xcode[7463:11247120] (LOG ARBITER) Dumping buffered message data; 0 messages.
16:33:12.758 Xcode[7463:11247120] (LOG ARBITER) Dumping buffered message data; 0 messages.
16:33:12.759 Xcode[7463:11247120] (LOG ARBITER) Dumping buffered message data; 0 messages.
16:33:12.759 Xcode[7463:11247118] (LOG ARBITER) Dumping buffered message data; 0 messages.
16:33:12.760 Xcode[7463:11247119] (LOG ARBITER) Dumping buffered message data; 0 messages.
16:33:12.761 Xcode[7463:11247118] (LOG ARBITER) Dumping buffered message data; 0 messages.
16:33:12.761 Xcode[7463:11247119] (LOG ARBITER) Dumping buffered message data; 0 messages.
16:33:12.762 Xcode[7463:11247119] (LOG ARBITER) Dumping buffered message data; 0 messages.
16:33:12.763 Xcode[7463:11247120] (LOG ARBITER) Dumping buffered message data; 0 messages.
16:33:12.764 Xcode[7463:11247118] (LOG ARBITER) Dumping buffered message data; 0 messages.
16:33:12.764 Xcode[7463:11247120] (LOG ARBITER) Dumping buffered message data; 0 messages.
16:33:12.765 Xcode[7463:11244341] (LOG ARBITER) Dumping buffered message data; 0 messages.
16:33:12.765 Xcode[7463:11244341] (LOG ARBITER) Dumping buffered message data; 0 messages.
16:33:12.765 Xcode[7463:11244341] (LOG ARBITER) Dumping buffered message data; 0 messages.
16:33:12.797 Xcode[7463:11247171] (LOG ARBITER) Dumping buffered message data; 0 messages.
16:33:12.798 Xcode[7463:11247119] (LOG ARBITER) Dumping buffered message data; 0 messages.
16:33:13.097 Xcode[7463:11247118] (LOG ARBITER) Dumping buffered message data; 0 messages.
16:33:13.098 Xcode[7463:11247115] (LOG ARBITER) Dumping buffered message data; 0 messages.
16:33:13.100 Xcode[7463:11247118] (LOG ARBITER) Dumping buffered message data; 0 messages.
16:33:13.100 Xcode[7463:11247118] (LOG ARBITER) Dumping buffered message data; 0 messages.
16:33:13.101 Xcode[7463:11247120] (LOG ARBITER) Dumping buffered message data; 0 messages.
16:33:12.337 Xcode[7463:10555363] _XCT_testSuite:All tests didStartAt:2016-05-13 14:33:12 +0000
16:33:12.327 glass_CH[13470:11247352] -[_XCTestDriverTestObserver testSuiteWillStart:]
16:33:12.337 Xcode[7463:10555363] _XCT_testSuite:glass_CH_Tests.xctest didStartAt:2016-05-13 14:33:12 +0000
16:33:12.327 glass_CH[13470:11247352] -[_XCTestDriverTestObserver testSuiteWillStart:]
16:33:12.337 Xcode[7463:10555363] _XCT_testSuite:UN_ImageMetadataUtilsTest didStartAt:2016-05-13 14:33:12 +0000
16:33:12.328 glass_CH[13470:11247352] -[_XCTestDriverTestObserver testCaseWillStart:] UN_ImageMetadataUtilsTest testGetTheImagesToBeAddedLocally4Item_withLocalImages_Add1ImageAsPhoto
16:33:12.337 Xcode[7463:10555363] _XCT_testCaseDidStartForTestClass:UN_ImageMetadataUtilsTest method:testGetTheImagesToBeAddedLocally4Item_withLocalImages_Add1ImageAsPhoto
16:33:12.330 glass_CH[13470:11247352] -[_XCTestDriverTestObserver testCaseDidFinish:]
16:33:12.338 Xcode[7463:10555363] _XCT_testCaseDidFinishForTestClass:UN_ImageMetadataUtilsTest method:testGetTheImagesToBeAddedLocally4Item_withLocalImages_Add1ImageAsPhoto withStatus:passed duration:0.001991987228393555
16:33:12.330 glass_CH[13470:11247352] -[_XCTestDriverTestObserver testCaseWillStart:] UN_ImageMetadataUtilsTest testGetTheImagesToBeAddedLocally4Item_withLocalImages_Add1ImageAsReceip
16:33:12.339 Xcode[7463:10555363] _XCT_testCaseDidStartForTestClass:UN_ImageMetadataUtilsTest method:testGetTheImagesToBeAddedLocally4Item_withLocalImages_Add1ImageAsReceip
16:33:12.330 glass_CH[13470:11247352] -[_XCTestDriverTestObserver testCaseDidFinish:]
16:33:12.339 Xcode[7463:10555363] _XCT_testCaseDidFinishForTestClass:UN_ImageMetadataUtilsTest method:testGetTheImagesToBeAddedLocally4Item_withLocalImages_Add1ImageAsReceip withStatus:passed duration:0.0002740025520324707
16:33:12.331 glass_CH[13470:11247352] -[_XCTestDriverTestObserver testCaseWillStart:] UN_ImageMetadataUtilsTest testGetTheImagesToBeAddedLocally4Item_withLocalImages_DeletingPhotos
16:33:12.339 Xcode[7463:10555363] _XCT_testCaseDidStartForTestClass:UN_ImageMetadataUtilsTest method:testGetTheImagesToBeAddedLocally4Item_withLocalImages_DeletingPhotos
16:33:12.331 glass_CH[13470:11247352] -[_XCTestDriverTestObserver testCaseDidFinish:]
16:33:12.340 Xcode[7463:10555363] _XCT_testCaseDidFinishForTestClass:UN_ImageMetadataUtilsTest method:testGetTheImagesToBeAddedLocally4Item_withLocalImages_DeletingPhotos withStatus:passed duration:0.0002189874649047852
16:33:12.331 glass_CH[13470:11247352] -[_XCTestDriverTestObserver testCaseWillStart:] UN_ImageMetadataUtilsTest testGetTheImagesToBeAddedLocally4Item_withLocalImages_DeletingReceipts
16:33:12.340 Xcode[7463:10555363] _XCT_testCaseDidStartForTestClass:UN_ImageMetadataUtilsTest method:testGetTheImagesToBeAddedLocally4Item_withLocalImages_DeletingReceipts
16:33:12.332 glass_CH[13470:11247352] -[_XCTestDriverTestObserver testCaseDidFinish:]
16:33:12.340 Xcode[7463:10555363] _XCT_testCaseDidFinishForTestClass:UN_ImageMetadataUtilsTest method:testGetTheImagesToBeAddedLocally4Item_withLocalImages_DeletingReceipts withStatus:passed duration:0.0005170106887817383
16:33:12.332 glass_CH[13470:11247352] -[_XCTestDriverTestObserver testCaseWillStart:] UN_ImageMetadataUtilsTest testGetTheImagesToBeAddedLocally4Item_withLocalImages_NoImages
16:33:12.341 Xcode[7463:10555363] _XCT_testCaseDidStartForTestClass:UN_ImageMetadataUtilsTest method:testGetTheImagesToBeAddedLocally4Item_withLocalImages_NoImages
16:33:12.332 glass_CH[13470:11247352] -[_XCTestDriverTestObserver testCaseDidFinish:]
16:33:12.341 Xcode[7463:10555363] _XCT_testCaseDidFinishForTestClass:UN_ImageMetadataUtilsTest method:testGetTheImagesToBeAddedLocally4Item_withLocalImages_NoImages withStatus:passed duration:0.0002480149269104004
16:33:12.333 glass_CH[13470:11247352] -[_XCTestDriverTestObserver testCaseWillStart:] UN_ImageMetadataUtilsTest testGetTheImagesToBeAddedLocally4Item_withLocalImages_NoImagesAdded
16:33:12.341 Xcode[7463:10555363] _XCT_testCaseDidStartForTestClass:UN_ImageMetadataUtilsTest method:testGetTheImagesToBeAddedLocally4Item_withLocalImages_NoImagesAdded
16:33:12.333 glass_CH[13470:11247352] -[_XCTestDriverTestObserver testCaseDidFinish:]
16:33:12.342 Xcode[7463:10555363] _XCT_testCaseDidFinishForTestClass:UN_ImageMetadataUtilsTest method:testGetTheImagesToBeAddedLocally4Item_withLocalImages_NoImagesAdded withStatus:passed duration:0.0003420114517211914
16:33:12.334 glass_CH[13470:11247352] -[_XCTestDriverTestObserver testCaseWillStart:] UN_ImageMetadataUtilsTest testGetTheImagesToDeleteInTheCloud4Item_withItemBase_AddingPhotos
16:33:12.342 Xcode[7463:10555363] _XCT_testCaseDidStartForTestClass:UN_ImageMetadataUtilsTest method:testGetTheImagesToDeleteInTheCloud4Item_withItemBase_AddingPhotos
16:33:12.335 glass_CH[13470:11247352] -[_XCTestDriverTestObserver testCaseDidFinish:]
16:33:12.342 Xcode[7463:10555363] _XCT_testCaseDidFinishForTestClass:UN_ImageMetadataUtilsTest method:testGetTheImagesToDeleteInTheCloud4Item_withItemBase_AddingPhotos withStatus:passed duration:0.0009930133819580078
16:33:12.335 glass_CH[13470:11247352] -[_XCTestDriverTestObserver testCaseWillStart:] UN_ImageMetadataUtilsTest testGetTheImagesToDeleteInTheCloud4Item_withItemBase_AddingReceipts
16:33:12.342 Xcode[7463:10555363] _XCT_testCaseDidStartForTestClass:UN_ImageMetadataUtilsTest method:testGetTheImagesToDeleteInTheCloud4Item_withItemBase_AddingReceipts
16:33:12.336 glass_CH[13470:11247352] -[_XCTestDriverTestObserver testCaseDidFinish:]
16:33:12.343 Xcode[7463:10555363] _XCT_testCaseDidFinishForTestClass:UN_ImageMetadataUtilsTest method:testGetTheImagesToDeleteInTheCloud4Item_withItemBase_AddingReceipts withStatus:passed duration:0.0004619956016540527
16:33:12.336 glass_CH[13470:11247352] -[_XCTestDriverTestObserver testCaseWillStart:] UN_ImageMetadataUtilsTest testGetTheImagesToDeleteInTheCloud4Item_withItemBase_AllImagesAreDeleted
16:33:12.343 Xcode[7463:10555363] _XCT_testCaseDidStartForTestClass:UN_ImageMetadataUtilsTest method:testGetTheImagesToDeleteInTheCloud4Item_withItemBase_AllImagesAreDeleted
16:33:12.336 glass_CH[13470:11247352] -[_XCTestDriverTestObserver testCaseDidFinish:]
16:33:12.343 Xcode[7463:10555363] _XCT_testCaseDidFinishForTestClass:UN_ImageMetadataUtilsTest method:testGetTheImagesToDeleteInTheCloud4Item_withItemBase_AllImagesAreDeleted withStatus:passed duration:0.0002180337905883789
16:33:12.336 glass_CH[13470:11247352] -[_XCTestDriverTestObserver testCaseWillStart:] UN_ImageMetadataUtilsTest testGetTheImagesToDeleteInTheCloud4Item_withItemBase_Deleting1ImageAsPhoto
16:33:12.343 Xcode[7463:10555363] _XCT_testCaseDidStartForTestClass:UN_ImageMetadataUtilsTest method:testGetTheImagesToDeleteInTheCloud4Item_withItemBase_Deleting1ImageAsPhoto
16:33:12.337 glass_CH[13470:11247352] -[_XCTestDriverTestObserver testCaseDidFinish:]
16:33:12.343 Xcode[7463:10555363] _XCT_testCaseDidFinishForTestClass:UN_ImageMetadataUtilsTest method:testGetTheImagesToDeleteInTheCloud4Item_withItemBase_Deleting1ImageAsPhoto withStatus:passed duration:0.0002590417861938477
16:33:12.337 glass_CH[13470:11247352] -[_XCTestDriverTestObserver testCaseWillStart:] UN_ImageMetadataUtilsTest testGetTheImagesToDeleteInTheCloud4Item_withItemBase_Deleting1ImageAsReceipt
16:33:12.343 Xcode[7463:10555363] _XCT_testCaseDidStartForTestClass:UN_ImageMetadataUtilsTest method:testGetTheImagesToDeleteInTheCloud4Item_withItemBase_Deleting1ImageAsReceipt
16:33:12.338 glass_CH[13470:11247352] -[_XCTestDriverTestObserver testCaseDidFinish:]
16:33:12.343 Xcode[7463:10555363] _XCT_testCaseDidFinishForTestClass:UN_ImageMetadataUtilsTest method:testGetTheImagesToDeleteInTheCloud4Item_withItemBase_Deleting1ImageAsReceipt withStatus:passed duration:0.0004259943962097168
16:33:12.338 glass_CH[13470:11247352] -[_XCTestDriverTestObserver testCaseWillStart:] UN_ImageMetadataUtilsTest testGetTheImagesToDeleteInTheCloud4Item_withItemBase_NoImages_Inited
16:33:12.343 Xcode[7463:10555363] _XCT_testCaseDidStartForTestClass:UN_ImageMetadataUtilsTest method:testGetTheImagesToDeleteInTheCloud4Item_withItemBase_NoImages_Inited
16:33:12.338 glass_CH[13470:11247352] -[_XCTestDriverTestObserver testCaseDidFinish:]
16:33:12.344 Xcode[7463:10555363] _XCT_testCaseDidFinishForTestClass:UN_ImageMetadataUtilsTest method:testGetTheImagesToDeleteInTheCloud4Item_withItemBase_NoImages_Inited withStatus:passed duration:0.0002110004425048828
16:33:12.338 glass_CH[13470:11247352] -[_XCTestDriverTestObserver testCaseWillStart:] UN_ImageMetadataUtilsTest testGetTheImagesToDeleteInTheCloud4Item_withItemBase_NoImages_NonInited
16:33:12.344 Xcode[7463:10555363] _XCT_testCaseDidStartForTestClass:UN_ImageMetadataUtilsTest method:testGetTheImagesToDeleteInTheCloud4Item_withItemBase_NoImages_NonInited
Test Case '-[UN_ImageMetadataUtilsTest testGetTheImagesToDeleteInTheCloud4Item_withItemBase_AddingReceipts]' started.
Test Case '-[UN_ImageMetadataUtilsTest testGetTheImagesToDeleteInTheCloud4Item_withItemBase_AddingReceipts]' passed (0.000 seconds).
Test Case '-[UN_ImageMetadataUtilsTest testGetTheImagesToDeleteInTheCloud4Item_withItemBase_AllImagesAreDeleted]' started.
Test Case '-[UN_ImageMetadataUtilsTest testGetTheImagesToDeleteInTheCloud4Item_withItemBase_AllImagesAreDeleted]' passed (0.000 seconds).
Test Case '-[UN_ImageMetadataUtilsTest testGetTheImagesToDeleteInTheCloud4Item_withItemBase_Deleting1ImageAsPhoto]' started.
Test Case '-[UN_ImageMetadataUtilsTest testGetTheImagesToDeleteInTheCloud4Item_withItemBase_Deleting1ImageAsPhoto]' passed (0.000 seconds).
Test Case '-[UN_ImageMetadataUtilsTest testGetTheImagesToDeleteInTheCloud4Item_withItemBase_Deleting1ImageAsReceipt]' started.
Test Case '-[UN_ImageMetadataUtilsTest testGetTheImagesToDeleteInTheCloud4Item_withItemBase_Deleting1ImageAsReceipt]' passed (0.000 seconds).
Test Case '-[UN_ImageMetadataUtilsTest testGetTheImagesToDeleteInTheCloud4Item_withItemBase_NoImages_Inited]' started.
Test Case '-[UN_ImageMetadataUtilsTest testGetTheImagesToDeleteInTheCloud4Item_withItemBase_NoImages_Inited]' passed (0.000 seconds).
Test Case '-[UN_ImageMetadataUtilsTest testGetTheImagesToDeleteInTheCloud4Item_withItemBase_NoImages_NonInited]' started.
Test Case '-[UN_ImageMetadataUtilsTest testGetTheImagesToDeleteInTheCloud4Item_withItemBase_NoImages_NonInited]' passed (0.000 seconds).
Test Case '-[UN_ImageMetadataUtilsTest testGetTheImagesToDeleteInTheCloud4Item_withItemBase_NoImagesDeleted]' started.
Test Case '-[UN_ImageMetadataUtilsTest testGetTheImagesToDeleteInTheCloud4Item_withItemBase_NoImagesDeleted]' passed (0.000 seconds).
Test Case '-[UN_ImageMetadataUtilsTest testGetTheNewImages4SavedItem_withPreviousImages_Add1ImageAsPhoto]' started.
Test Case '-[UN_ImageMetadataUtilsTest testGetTheNewImages4SavedItem_withPreviousImages_Add1ImageAsPhoto]' passed (0.000 seconds).
Test Case '-[UN_ImageMetadataUtilsTest testGetTheNewImages4SavedItem_withPreviousImages_Add1ImageAsReceip]' started.
Test Case '-[UN_ImageMetadataUtilsTest testGetTheNewImages4SavedItem_withPreviousImages_Add1ImageAsReceip]' passed (0.000 seconds).
Test Case '-[UN_ImageMetadataUtilsTest testGetTheNewImages4SavedItem_withPreviousImages_Add1ImageAsReceipt]' started.
Test Case '-[UN_ImageMetadataUtilsTest testGetTheNewImages4SavedItem_withPreviousImages_Add1ImageAsReceipt]' passed (0.021 seconds).
Test Case '-[UN_ImageMetadataUtilsTest testGetTheNewImages4SavedItem_withPreviousImages_AllImagesAreNew]' started.
Test Case '-[UN_ImageMetadataUtilsTest testGetTheNewImages4SavedItem_withPreviousImages_AllImagesAreNew]' passed (0.000 seconds).
Test Case '-[UN_ImageMetadataUtilsTest testGetTheNewImages4SavedItem_withPreviousImages_AllImagesHasBeenDeleted_InitedStrings]' started.
Test Case '-[UN_ImageMetadataUtilsTest testGetTheNewImages4SavedItem_withPreviousImages_AllImagesHasBeenDeleted_InitedStrings]' passed (0.000 seconds).
Test Case '-[UN_ImageMetadataUtilsTest testGetTheNewImages4SavedItem_withPreviousImages_AllImagesHasBeenDeleted_NotInitedStrings]' started.
Test Case '-[UN_ImageMetadataUtilsTest testGetTheNewImages4SavedItem_withPreviousImages_AllImagesHasBeenDeleted_NotInitedStrings]' passed (0.000 seconds).
Test Case '-[UN_ImageMetadataUtilsTest testGetTheNewImages4SavedItem_withPreviousImages_DeletingPhotos]' started.
Test Case '-[UN_ImageMetadataUtilsTest testGetTheNewImages4SavedItem_withPreviousImages_DeletingPhotos]' passed (0.000 seconds).
Test Case '-[UN_ImageMetadataUtilsTest testGetTheNewImages4SavedItem_withPreviousImages_DeletingReceipts]' started.
Test Case '-[UN_ImageMetadataUtilsTest testGetTheNewImages4SavedItem_withPreviousImages_DeletingReceipts]' passed (0.000 seconds).
Test Case '-[UN_ImageMetadataUtilsTest testGetTheNewImages4SavedItem_withPreviousImages_NoImages]' started.
Test Case '-[UN_ImageMetadataUtilsTest testGetTheNewImages4SavedItem_withPreviousImages_NoImages]' passed (0.000 seconds).
Test Case '-[UN_ImageMetadataUtilsTest testGetTheNewImages4SavedItem_withPreviousImages_NoImagesAdded]' started.
Test Case '-[UN_ImageMetadataUtilsTest testGetTheNewImages4SavedItem_withPreviousImages_NoImagesAdded]' passed (0.014 seconds).
Test Case '-[UN_ImageMetadataUtilsTest testGetTheNewImages4SavedItem_withPreviousImages_NotInited_ArrayOfImagesPrevious]' started.
Test Case '-[UN_ImageMetadataUtilsTest testGetTheNewImages4SavedItem_withPreviousImages_NotInited_ArrayOfImagesPrevious]' passed (0.000 seconds).
16:33:12.358 glass_CH[13470:11247352] -[_XCTestDriverTestObserver testCaseDidFinish:]
16:33:12.481 Xcode[7463:10555363] _XCT_testCaseDidFinishForTestClass:UN_ImageMetadataUtilsTest method:testGetTheImagesToDeleteInTheCloud4Item_withItemBase_NoImages_NonInited withStatus:passed duration:0.000317990779876709
16:33:12.358 glass_CH[13470:11247352] -[_XCTestDriverTestObserver testCaseWillStart:] UN_ImageMetadataUtilsTest testGetTheImagesToDeleteInTheCloud4Item_withItemBase_NoImagesDeleted
16:33:12.481 Xcode[7463:10555363] _XCT_testCaseDidStartForTestClass:UN_ImageMetadataUtilsTest method:testGetTheImagesToDeleteInTheCloud4Item_withItemBase_NoImagesDeleted
16:33:12.359 glass_CH[13470:11247352] -[_XCTestDriverTestObserver testCaseDidFinish:]
16:33:12.482 Xcode[7463:10555363] _XCT_testCaseDidFinishForTestClass:UN_ImageMetadataUtilsTest method:testGetTheImagesToDeleteInTheCloud4Item_withItemBase_NoImagesDeleted withStatus:passed duration:0.0003330111503601074
16:33:12.359 glass_CH[13470:11247352] -[_XCTestDriverTestObserver testCaseWillStart:] UN_ImageMetadataUtilsTest testGetTheNewImages4SavedItem_withPreviousImages_Add1ImageAsPhoto
16:33:12.482 Xcode[7463:10555363] _XCT_testCaseDidStartForTestClass:UN_ImageMetadataUtilsTest method:testGetTheNewImages4SavedItem_withPreviousImages_Add1ImageAsPhoto
16:33:12.359 glass_CH[13470:11247352] -[_XCTestDriverTestObserver testCaseDidFinish:]
16:33:12.483 Xcode[7463:10555363] _XCT_testCaseDidFinishForTestClass:UN_ImageMetadataUtilsTest method:testGetTheNewImages4SavedItem_withPreviousImages_Add1ImageAsPhoto withStatus:passed duration:0.000299990177154541
16:33:12.359 glass_CH[13470:11247352] -[_XCTestDriverTestObserver testCaseWillStart:] UN_ImageMetadataUtilsTest testGetTheNewImages4SavedItem_withPreviousImages_Add1ImageAsReceip
16:33:12.483 Xcode[7463:10555363] _XCT_testCaseDidStartForTestClass:UN_ImageMetadataUtilsTest method:testGetTheNewImages4SavedItem_withPreviousImages_Add1ImageAsReceip
16:33:12.360 glass_CH[13470:11247352] -[_XCTestDriverTestObserver testCaseDidFinish:]
16:33:12.483 Xcode[7463:10555363] _XCT_testCaseDidFinishForTestClass:UN_ImageMetadataUtilsTest method:testGetTheNewImages4SavedItem_withPreviousImages_Add1ImageAsReceip withStatus:passed duration:0.0004180073738098145
16:33:12.360 glass_CH[13470:11247352] -[_XCTestDriverTestObserver testCaseWillStart:] UN_ImageMetadataUtilsTest testGetTheNewImages4SavedItem_withPreviousImages_Add1ImageAsReceipt
16:33:12.484 Xcode[7463:10555363] _XCT_testCaseDidStartForTestClass:UN_ImageMetadataUtilsTest method:testGetTheNewImages4SavedItem_withPreviousImages_Add1ImageAsReceipt
16:33:12.381 glass_CH[13470:11247352] -[_XCTestDriverTestObserver testCaseDidFinish:]
16:33:12.484 Xcode[7463:10555363] _XCT_testCaseDidFinishForTestClass:UN_ImageMetadataUtilsTest method:testGetTheNewImages4SavedItem_withPreviousImages_Add1ImageAsReceipt withStatus:passed duration:0.02071702480316162
16:33:12.381 glass_CH[13470:11247352] -[_XCTestDriverTestObserver testCaseWillStart:] UN_ImageMetadataUtilsTest testGetTheNewImages4SavedItem_withPreviousImages_AllImagesAreNew
16:33:12.484 Xcode[7463:10555363] _XCT_testCaseDidStartForTestClass:UN_ImageMetadataUtilsTest method:testGetTheNewImages4SavedItem_withPreviousImages_AllImagesAreNew
16:33:12.382 glass_CH[13470:11247352] -[_XCTestDriverTestObserver testCaseDidFinish:]
16:33:12.485 Xcode[7463:10555363] _XCT_testCaseDidFinishForTestClass:UN_ImageMetadataUtilsTest method:testGetTheNewImages4SavedItem_withPreviousImages_AllImagesAreNew withStatus:passed duration:0.0003989934921264648
16:33:12.382 glass_CH[13470:11247352] -[_XCTestDriverTestObserver testCaseWillStart:] UN_ImageMetadataUtilsTest testGetTheNewImages4SavedItem_withPreviousImages_AllImagesHasBeenDeleted_InitedStrings
16:33:12.486 Xcode[7463:10555363] _XCT_testCaseDidStartForTestClass:UN_ImageMetadataUtilsTest method:testGetTheNewImages4SavedItem_withPreviousImages_AllImagesHasBeenDeleted_InitedStrings
16:33:12.383 glass_CH[13470:11247352] -[_XCTestDriverTestObserver testCaseDidFinish:]
16:33:12.486 Xcode[7463:10555363] _XCT_testCaseDidFinishForTestClass:UN_ImageMetadataUtilsTest method:testGetTheNewImages4SavedItem_withPreviousImages_AllImagesHasBeenDeleted_InitedStrings withStatus:passed duration:0.000491023063659668
16:33:12.383 glass_CH[13470:11247352] -[_XCTestDriverTestObserver testCaseWillStart:] UN_ImageMetadataUtilsTest testGetTheNewImages4SavedItem_withPreviousImages_AllImagesHasBeenDeleted_NotInitedStrings
16:33:12.487 Xcode[7463:10555363] _XCT_testCaseDidStartForTestClass:UN_ImageMetadataUtilsTest method:testGetTheNewImages4SavedItem_withPreviousImages_AllImagesHasBeenDeleted_NotInitedStrings
16:33:12.418 glass_CH[13470:11247352] -[_XCTestDriverTestObserver testCaseDidFinish:]
16:33:12.487 Xcode[7463:10555363] _XCT_testCaseDidFinishForTestClass:UN_ImageMetadataUtilsTest method:testGetTheNewImages4SavedItem_withPreviousImages_AllImagesHasBeenDeleted_NotInitedStrings withStatus:passed duration:0.0003649592399597168
16:33:12.419 glass_CH[13470:11247352] -[_XCTestDriverTestObserver testCaseWillStart:] UN_ImageMetadataUtilsTest testGetTheNewImages4SavedItem_withPreviousImages_DeletingPhotos
16:33:12.487 Xcode[7463:10555363] _XCT_testCaseDidStartForTestClass:UN_ImageMetadataUtilsTest method:testGetTheNewImages4SavedItem_withPreviousImages_DeletingPhotos
16:33:12.419 glass_CH[13470:11247352] -[_XCTestDriverTestObserver testCaseDidFinish:]
16:33:12.488 Xcode[7463:10555363] _XCT_testCaseDidFinishForTestClass:UN_ImageMetadataUtilsTest method:testGetTheNewImages4SavedItem_withPreviousImages_DeletingPhotos withStatus:passed duration:0.0002629756927490234
16:33:12.419 glass_CH[13470:11247352] -[_XCTestDriverTestObserver testCaseWillStart:] UN_ImageMetadataUtilsTest testGetTheNewImages4SavedItem_withPreviousImages_DeletingReceipts
16:33:12.488 Xcode[7463:10555363] _XCT_testCaseDidStartForTestClass:UN_ImageMetadataUtilsTest method:testGetTheNewImages4SavedItem_withPreviousImages_DeletingReceipts
16:33:12.420 glass_CH[13470:11247352] -[_XCTestDriverTestObserver testCaseDidFinish:]
16:33:12.488 Xcode[7463:10555363] _XCT_testCaseDidFinishForTestClass:UN_ImageMetadataUtilsTest method:testGetTheNewImages4SavedItem_withPreviousImages_DeletingReceipts withStatus:passed duration:0.0002530217170715332
16:33:12.420 glass_CH[13470:11247352] -[_XCTestDriverTestObserver testCaseWillStart:] UN_ImageMetadataUtilsTest testGetTheNewImages4SavedItem_withPreviousImages_NoImages
16:33:12.489 Xcode[7463:10555363] _XCT_testCaseDidStartForTestClass:UN_ImageMetadataUtilsTest method:testGetTheNewImages4SavedItem_withPreviousImages_NoImages
16:33:12.420 glass_CH[13470:11247352] -[_XCTestDriverTestObserver testCaseDidFinish:]
16:33:12.489 Xcode[7463:10555363] _XCT_testCaseDidFinishForTestClass:UN_ImageMetadataUtilsTest method:testGetTheNewImages4SavedItem_withPreviousImages_NoImages withStatus:passed duration:0.0003629922866821289
16:33:12.434 glass_CH[13470:11247352] -[_XCTestDriverTestObserver testCaseWillStart:] UN_ImageMetadataUtilsTest testGetTheNewImages4SavedItem_withPreviousImages_NoImagesAdded
16:33:12.489 Xcode[7463:10555363] _XCT_testCaseDidStartForTestClass:UN_ImageMetadataUtilsTest method:testGetTheNewImages4SavedItem_withPreviousImages_NoImagesAdded
16:33:12.434 glass_CH[13470:11247352] -[_XCTestDriverTestObserver testCaseDidFinish:]
16:33:12.490 Xcode[7463:10555363] _XCT_testCaseDidFinishForTestClass:UN_ImageMetadataUtilsTest method:testGetTheNewImages4SavedItem_withPreviousImages_NoImagesAdded withStatus:passed duration:0.01361602544784546
16:33:12.435 glass_CH[13470:11247352] -[_XCTestDriverTestObserver testCaseWillStart:] UN_ImageMetadataUtilsTest testGetTheNewImages4SavedItem_withPreviousImages_NotInited_ArrayOfImagesPrevious
16:33:12.490 Xcode[7463:10555363] _XCT_testCaseDidStartForTestClass:UN_ImageMetadataUtilsTest method:testGetTheNewImages4SavedItem_withPreviousImages_NotInited_ArrayOfImagesPrevious
16:33:12.435 glass_CH[13470:11247352] -[_XCTestDriverTestObserver testCaseDidFinish:]
16:33:12.490 Xcode[7463:10555363] _XCT_testCaseDidFinishForTestClass:UN_ImageMetadataUtilsTest method:testGetTheNewImages4SavedItem_withPreviousImages_NotInited_ArrayOfImagesPrevious withStatus:passed duration:0.000335991382598877
16:33:12.435 glass_CH[13470:11247352] -[_XCTestDriverTestObserver testCaseWillStart:] UN_ImageMetadataUtilsTest testPerformanceExample
16:33:12.491 Xcode[7463:10555363] _XCT_testCaseDidStartForTestClass:UN_ImageMetadataUtilsTest method:testPerformanceExample
Test Case '-[UN_ImageMetadataUtilsTest testPerformanceExample]' started.
16:33:12.729 glass_CH[13470:11247352] -[_XCTestDriverTestObserver _testCase:didMeasureValues:forPerformanceMetricID:name:unitsOfMeasurement:baselineName:baselineAverage:maxPercentRegression:maxPercentRelativeStandardDeviation:maxRegression:maxStandardDeviation:file:line:]
16:33:12.731 Xcode[7463:10555363] -[_IDETestManagerAPIMediator _XCT_testMethod:ofClass:didMeasureMetric:file:line:]
16:33:12.730 glass_CH[13470:11247352] -[_XCTestDriverTestObserver testCaseDidFinish:]
16:33:12.731 Xcode[7463:10555363] _XCT_testCaseDidFinishForTestClass:UN_ImageMetadataUtilsTest method:testPerformanceExample withStatus:passed duration:0.2945550084114075
16:33:12.730 glass_CH[13470:11247352] -[_XCTestDriverTestObserver testCaseWillStart:] UN_ImageMetadataUtilsTest testPhotosArrayAsString_1Image
16:33:12.731 Xcode[7463:10555363] _XCT_testCaseDidStartForTestClass:UN_ImageMetadataUtilsTest method:testPhotosArrayAsString_1Image
16:33:12.731 glass_CH[13470:11247352] -[_XCTestDriverTestObserver testCaseDidFinish:]
/Users/miguelag/dev-projects/axaglass-ios/glassTests/Business/UN_ImageMetadataUtilsTest.m:760: Test Case '-[UN_ImageMetadataUtilsTest testPerformanceExample]' measured [Time, seconds] average: 0.000, relative standard deviation: 133.782%, values: [0.000002, 0.000001, 0.000000, 0.000000, 0.000000, 0.000000, 0.000000, 0.000000, 0.000000, 0.000000], performanceMetricID:com.apple.XCTPerformanceMetric_WallClockTime, baselineName: "", baselineAverage: , maxPercentRegression: 10.000%, maxPercentRelativeStandardDeviation: 10.000%, maxRegression: 0.100, maxStandardDeviation: 0.100
Test Case '-[UN_ImageMetadataUtilsTest testPerformanceExample]' passed (0.295 seconds).
Test Case '-[UN_ImageMetadataUtilsTest testPhotosArrayAsString_1Image]' started.
Test Case '-[UN_ImageMetadataUtilsTest testPhotosArrayAsString_1Image]' passed (0.000 seconds).
Test Case '-[UN_ImageMetadataUtilsTest testPhotosArrayAsString_2Images]' started.
Test Case '-[UN_ImageMetadataUtilsTest testPhotosArrayAsString_2Images]' passed (0.000 seconds).
Test Case '-[UN_ImageMetadataUtilsTest testPhotosArrayAsString_2ImagesWrong]' started.
Test Case '-[UN_ImageMetadataUtilsTest testPhotosArrayAsString_2ImagesWrong]' passed (0.000 seconds).
Test Case '-[UN_ImageMetadataUtilsTest testPhotosArrayAsString_NoImagesInited]' started.
Test Case '-[UN_ImageMetadataUtilsTest testPhotosArrayAsString_NoImagesInited]' passed (0.000 seconds).
Test Case '-[UN_ImageMetadataUtilsTest testPhotosArrayAsString_NoImagesNoInited]' started.
Test Case '-[UN_ImageMetadataUtilsTest testPhotosArrayAsString_NoImagesNoInited]' passed (0.000 seconds).
Test Case '-[UN_ImageMetadataUtilsTest testPhotosStringAsArray_1Images]' started.
Test Case '-[UN_ImageMetadataUtilsTest testPhotosStringAsArray_1Images]' passed (0.000 seconds).
Test Case '-[UN_ImageMetadataUtilsTest testPhotosStringAsArray_2Images]' started.
Test Case '-[UN_ImageMetadataUtilsTest testPhotosStringAsArray_2Images]' passed (0.000 seconds).
Test Case '-[UN_ImageMetadataUtilsTest testPhotosStringAsArray_2Images_wrong]' started.
Test Case '-[UN_ImageMetadataUtilsTest testPhotosStringAsArray_2Images_wrong]' passed (0.000 seconds).
Test Case '-[UN_ImageMetadataUtilsTest testPhotosStringAsArray_NoImagesInited]' started.
Test Case '-[UN_ImageMetadataUtilsTest testPhotosStringAsArray_NoImagesInited]' passed (0.000 seconds).
Test Case '-[UN_ImageMetadataUtilsTest testPhotosStringAsArray_NoImagesNoInited]' started.
Test Case '-[UN_ImageMetadataUtilsTest testPhotosStringAsArray_NoImagesNoInited]' passed (0.000 seconds).
Test Case '-[UN_ImageMetadataUtilsTest testPrepareItemToBeEdited_withImagesPendingToBeMigrated_1NewImage]' started.
Test Case '-[UN_ImageMetadataUtilsTest testPrepareItemToBeEdited_withImagesPendingToBeMigrated_1NewImage]' passed (0.000 seconds).
Test Case '-[UN_ImageMetadataUtilsTest testPrepareItemToBeEdited_withImagesPendingToBeMigrated_NoNewImages]' started.
Test Case '-[UN_ImageMetadataUtilsTest testPrepareItemToBeEdited_withImagesPendingToBeMigrated_NoNewImages]' passed (0.000 seconds).
Test Case '-[UN_ImageMetadataUtilsTest testPrepareItemToBeEdited_withImagesPendingToBeMigrated_NoNewImages_Inited_1]' started.
Test Case '-[UN_ImageMetadataUtilsTest testPrepareItemToBeEdited_withImagesPendingToBeMigrated_NoNewImages_Inited_1]' passed (0.000 seconds).
16:33:12.756 Xcode[7463:10555363] _XCT_testCaseDidFinishForTestClass:UN_ImageMetadataUtilsTest method:testPhotosArrayAsString_1Image withStatus:passed duration:0.0003859996795654297
16:33:12.731 glass_CH[13470:11247352] -[_XCTestDriverTestObserver testCaseWillStart:] UN_ImageMetadataUtilsTest testPhotosArrayAsString_2Images
16:33:12.756 Xcode[7463:10555363] _XCT_testCaseDidStartForTestClass:UN_ImageMetadataUtilsTest method:testPhotosArrayAsString_2Images
16:33:12.731 glass_CH[13470:11247352] -[_XCTestDriverTestObserver testCaseDidFinish:]
16:33:12.757 Xcode[7463:10555363] _XCT_testCaseDidFinishForTestClass:UN_ImageMetadataUtilsTest method:testPhotosArrayAsString_2Images withStatus:passed duration:0.0002660155296325684
16:33:12.732 glass_CH[13470:11247352] -[_XCTestDriverTestObserver testCaseWillStart:] UN_ImageMetadataUtilsTest testPhotosArrayAsString_2ImagesWrong
16:33:12.757 Xcode[7463:10555363] _XCT_testCaseDidStartForTestClass:UN_ImageMetadataUtilsTest method:testPhotosArrayAsString_2ImagesWrong
16:33:12.732 glass_CH[13470:11247352] -[_XCTestDriverTestObserver testCaseDidFinish:]
16:33:12.758 Xcode[7463:10555363] _XCT_testCaseDidFinishForTestClass:UN_ImageMetadataUtilsTest method:testPhotosArrayAsString_2ImagesWrong withStatus:passed duration:0.0002359747886657715
16:33:12.732 glass_CH[13470:11247352] -[_XCTestDriverTestObserver testCaseWillStart:] UN_ImageMetadataUtilsTest testPhotosArrayAsString_NoImagesInited
16:33:12.758 Xcode[7463:10555363] _XCT_testCaseDidStartForTestClass:UN_ImageMetadataUtilsTest method:testPhotosArrayAsString_NoImagesInited
16:33:12.733 glass_CH[13470:11247352] -[_XCTestDriverTestObserver testCaseDidFinish:]
16:33:12.758 Xcode[7463:10555363] _XCT_testCaseDidFinishForTestClass:UN_ImageMetadataUtilsTest method:testPhotosArrayAsString_NoImagesInited withStatus:passed duration:0.0004289746284484863
16:33:12.734 glass_CH[13470:11247352] -[_XCTestDriverTestObserver testCaseWillStart:] UN_ImageMetadataUtilsTest testPhotosArrayAsString_NoImagesNoInited
16:33:12.758 Xcode[7463:10555363] _XCT_testCaseDidStartForTestClass:UN_ImageMetadataUtilsTest method:testPhotosArrayAsString_NoImagesNoInited
16:33:12.734 glass_CH[13470:11247352] -[_XCTestDriverTestObserver testCaseDidFinish:]
16:33:12.759 Xcode[7463:10555363] _XCT_testCaseDidFinishForTestClass:UN_ImageMetadataUtilsTest method:testPhotosArrayAsString_NoImagesNoInited withStatus:passed duration:0.0004259943962097168
16:33:12.735 glass_CH[13470:11247352] -[_XCTestDriverTestObserver testCaseWillStart:] UN_ImageMetadataUtilsTest testPhotosStringAsArray_1Images
16:33:12.759 Xcode[7463:10555363] _XCT_testCaseDidStartForTestClass:UN_ImageMetadataUtilsTest method:testPhotosStringAsArray_1Images
16:33:12.735 glass_CH[13470:11247352] -[_XCTestDriverTestObserver testCaseDidFinish:]
16:33:12.759 Xcode[7463:10555363] _XCT_testCaseDidFinishForTestClass:UN_ImageMetadataUtilsTest method:testPhotosStringAsArray_1Images withStatus:passed duration:0.0002800226211547852
16:33:12.735 glass_CH[13470:11247352] -[_XCTestDriverTestObserver testCaseWillStart:] UN_ImageMetadataUtilsTest testPhotosStringAsArray_2Images
16:33:12.760 Xcode[7463:10555363] _XCT_testCaseDidStartForTestClass:UN_ImageMetadataUtilsTest method:testPhotosStringAsArray_2Images
16:33:12.735 glass_CH[13470:11247352] -[_XCTestDriverTestObserver testCaseDidFinish:]
16:33:12.760 Xcode[7463:10555363] _XCT_testCaseDidFinishForTestClass:UN_ImageMetadataUtilsTest method:testPhotosStringAsArray_2Images withStatus:passed duration:0.0002260208129882812
16:33:12.736 glass_CH[13470:11247352] -[_XCTestDriverTestObserver testCaseWillStart:] UN_ImageMetadataUtilsTest testPhotosStringAsArray_2Images_wrong
16:33:12.760 Xcode[7463:10555363] _XCT_testCaseDidStartForTestClass:UN_ImageMetadataUtilsTest method:testPhotosStringAsArray_2Images_wrong
16:33:12.736 glass_CH[13470:11247352] -[_XCTestDriverTestObserver testCaseDidFinish:]
16:33:12.761 Xcode[7463:10555363] _XCT_testCaseDidFinishForTestClass:UN_ImageMetadataUtilsTest method:testPhotosStringAsArray_2Images_wrong withStatus:passed duration:0.0004400014877319336
16:33:12.737 glass_CH[13470:11247352] -[_XCTestDriverTestObserver testCaseWillStart:] UN_ImageMetadataUtilsTest testPhotosStringAsArray_NoImagesInited
16:33:12.761 Xcode[7463:10555363] _XCT_testCaseDidStartForTestClass:UN_ImageMetadataUtilsTest method:testPhotosStringAsArray_NoImagesInited
16:33:12.737 glass_CH[13470:11247352] -[_XCTestDriverTestObserver testCaseDidFinish:]
16:33:12.761 Xcode[7463:10555363] _XCT_testCaseDidFinishForTestClass:UN_ImageMetadataUtilsTest method:testPhotosStringAsArray_NoImagesInited withStatus:passed duration:0.0002879500389099121
16:33:12.737 glass_CH[13470:11247352] -[_XCTestDriverTestObserver testCaseWillStart:] UN_ImageMetadataUtilsTest testPhotosStringAsArray_NoImagesNoInited
16:33:12.761 Xcode[7463:10555363] _XCT_testCaseDidStartForTestClass:UN_ImageMetadataUtilsTest method:testPhotosStringAsArray_NoImagesNoInited
16:33:12.742 glass_CH[13470:11247352] -[_XCTestDriverTestObserver testCaseDidFinish:]
16:33:12.762 Xcode[7463:10555363] _XCT_testCaseDidFinishForTestClass:UN_ImageMetadataUtilsTest method:testPhotosStringAsArray_NoImagesNoInited withStatus:passed duration:0.0001980066299438477
16:33:12.742 glass_CH[13470:11247352] -[_XCTestDriverTestObserver testCaseWillStart:] UN_ImageMetadataUtilsTest testPrepareItemToBeEdited_withImagesPendingToBeMigrated_1NewImage
16:33:12.762 Xcode[7463:10555363] _XCT_testCaseDidStartForTestClass:UN_ImageMetadataUtilsTest method:testPrepareItemToBeEdited_withImagesPendingToBeMigrated_1NewImage
16:33:12.743 glass_CH[13470:11247352] -[_XCTestDriverTestObserver testCaseDidFinish:]
16:33:12.763 Xcode[7463:10555363] _XCT_testCaseDidFinishForTestClass:UN_ImageMetadataUtilsTest method:testPrepareItemToBeEdited_withImagesPendingToBeMigrated_1NewImage withStatus:passed duration:0.0002520084381103516
16:33:12.743 glass_CH[13470:11247352] -[_XCTestDriverTestObserver testCaseWillStart:] UN_ImageMetadataUtilsTest testPrepareItemToBeEdited_withImagesPendingToBeMigrated_NoNewImages
16:33:12.763 Xcode[7463:10555363] _XCT_testCaseDidStartForTestClass:UN_ImageMetadataUtilsTest method:testPrepareItemToBeEdited_withImagesPendingToBeMigrated_NoNewImages
16:33:12.743 glass_CH[13470:11247352] -[_XCTestDriverTestObserver testCaseDidFinish:]
16:33:12.764 Xcode[7463:10555363] _XCT_testCaseDidFinishForTestClass:UN_ImageMetadataUtilsTest method:testPrepareItemToBeEdited_withImagesPendingToBeMigrated_NoNewImages withStatus:passed duration:0.0004280209541320801
16:33:12.744 glass_CH[13470:11247352] -[_XCTestDriverTestObserver testCaseWillStart:] UN_ImageMetadataUtilsTest testPrepareItemToBeEdited_withImagesPendingToBeMigrated_NoNewImages_Inited_1
16:33:12.764 Xcode[7463:10555363] _XCT_testCaseDidStartForTestClass:UN_ImageMetadataUtilsTest method:testPrepareItemToBeEdited_withImagesPendingToBeMigrated_NoNewImages_Inited_1
16:33:12.744 glass_CH[13470:11247352] -[_XCTestDriverTestObserver testCaseDidFinish:]
16:33:12.764 Xcode[7463:10555363] _XCT_testCaseDidFinishForTestClass:UN_ImageMetadataUtilsTest method:testPrepareItemToBeEdited_withImagesPendingToBeMigrated_NoNewImages_Inited_1 withStatus:passed duration:0.0003840327262878418
16:33:12.755 glass_CH[13470:11247352] -[_XCTestDriverTestObserver testCaseWillStart:] UN_ImageMetadataUtilsTest testPrepareItemToBeEdited_withImagesPendingToBeMigrated_NoNewImages_Inited_2
16:33:12.764 Xcode[7463:10555363] _XCT_testCaseDidStartForTestClass:UN_ImageMetadataUtilsTest method:testPrepareItemToBeEdited_withImagesPendingToBeMigrated_NoNewImages_Inited_2
16:33:12.756 glass_CH[13470:11247352] -[_XCTestDriverTestObserver testCaseDidFinish:]
16:33:12.765 Xcode[7463:10555363] _XCT_testCaseDidFinishForTestClass:UN_ImageMetadataUtilsTest method:testPrepareItemToBeEdited_withImagesPendingToBeMigrated_NoNewImages_Inited_2 withStatus:passed duration:0.01130497455596924
16:33:12.756 glass_CH[13470:11247352] -[_XCTestDriverTestObserver testCaseWillStart:] UN_ImageMetadataUtilsTest testPrepareItemToBeEdited_withImagesPendingToBeMigrated_NoNewImages_NoInited_1
16:33:12.765 Xcode[7463:10555363] _XCT_testCaseDidStartForTestClass:UN_ImageMetadataUtilsTest method:testPrepareItemToBeEdited_withImagesPendingToBeMigrated_NoNewImages_NoInited_1
16:33:12.756 glass_CH[13470:11247352] -[_XCTestDriverTestObserver testCaseDidFinish:]
16:33:12.765 Xcode[7463:10555363] _XCT_testCaseDidFinishForTestClass:UN_ImageMetadataUtilsTest method:testPrepareItemToBeEdited_withImagesPendingToBeMigrated_NoNewImages_NoInited_1 withStatus:passed duration:0.0003569722175598145
16:33:12.757 glass_CH[13470:11247352] -[_XCTestDriverTestObserver testCaseWillStart:] UN_ImageMetadataUtilsTest testPrepareItemToBeEdited_withImagesPendingToBeMigrated_NoNewImages_NoInited_2
16:33:12.765 Xcode[7463:10555363] _XCT_testCaseDidStartForTestClass:UN_ImageMetadataUtilsTest method:testPrepareItemToBeEdited_withImagesPendingToBeMigrated_NoNewImages_NoInited_2
16:33:12.757 glass_CH[13470:11247352] -[_XCTestDriverTestObserver testCaseDidFinish:]
16:33:12.765 Xcode[7463:10555363] _XCT_testCaseDidFinishForTestClass:UN_ImageMetadataUtilsTest method:testPrepareItemToBeEdited_withImagesPendingToBeMigrated_NoNewImages_NoInited_2 withStatus:passed duration:0.0003039836883544922
16:33:12.757 glass_CH[13470:11247352] -[_XCTestDriverTestObserver testCaseWillStart:] UN_ImageMetadataUtilsTest testPrepareItemToBeEdited_withImagesPendingToBeMigrated_OneNewImageAndOneExixtingOne
16:33:12.765 Xcode[7463:10555363] _XCT_testCaseDidStartForTestClass:UN_ImageMetadataUtilsTest method:testPrepareItemToBeEdited_withImagesPendingToBeMigrated_OneNewImageAndOneExixtingOne
Test Case '-[UN_ImageMetadataUtilsTest testPrepareItemToBeEdited_withImagesPendingToBeMigrated_NoNewImages_Inited_2]' started.
Test Case '-[UN_ImageMetadataUtilsTest testPrepareItemToBeEdited_withImagesPendingToBeMigrated_NoNewImages_Inited_2]' passed (0.011 seconds).
Test Case '-[UN_ImageMetadataUtilsTest testPrepareItemToBeEdited_withImagesPendingToBeMigrated_NoNewImages_NoInited_1]' started.
Test Case '-[UN_ImageMetadataUtilsTest testPrepareItemToBeEdited_withImagesPendingToBeMigrated_NoNewImages_NoInited_1]' passed (0.000 seconds).
Test Case '-[UN_ImageMetadataUtilsTest testPrepareItemToBeEdited_withImagesPendingToBeMigrated_NoNewImages_NoInited_2]' started.
Test Case '-[UN_ImageMetadataUtilsTest testPrepareItemToBeEdited_withImagesPendingToBeMigrated_NoNewImages_NoInited_2]' passed (0.000 seconds).
Test Case '-[UN_ImageMetadataUtilsTest testPrepareItemToBeEdited_withImagesPendingToBeMigrated_OneNewImageAndOneExixtingOne]' started.
16:33:12.787 glass_CH[13470:11247352] -[_XCTestDriverTestObserver testCaseDidFinish:]
16:33:12.797 Xcode[7463:10555363] _XCT_testCaseDidFinishForTestClass:UN_ImageMetadataUtilsTest method:testPrepareItemToBeEdited_withImagesPendingToBeMigrated_OneNewImageAndOneExixtingOne withStatus:passed duration:0.0003109574317932129
16:33:12.788 glass_CH[13470:11247352] -[_XCTestDriverTestObserver testSuiteDidFinish:]
16:33:12.797 Xcode[7463:10555363] _XCT_testSuite:UN_ImageMetadataUtilsTest didFinishAt:2016-05-13 14:33:12 +0000 runCount:43 withFailures:0 unexpected:0 testDuration:0.3554040193557739 totalDuration:0.4604340195655823
16:33:12.788 glass_CH[13470:11247352] -[_XCTestDriverTestObserver testSuiteWillStart:]
16:33:12.797 Xcode[7463:10555363] _XCT_testSuite:UN_ItemPersistanceTest didStartAt:2016-05-13 14:33:12 +0000
16:33:12.789 glass_CH[13470:11247352] -[_XCTestDriverTestObserver testCaseWillStart:] UN_ItemPersistanceTest testItemList
16:33:12.798 Xcode[7463:10555363] _XCT_testCaseDidStartForTestClass:UN_ItemPersistanceTest method:testItemList
16:33:12.794 glass_CH[13470:11247352] -[_XCTestDriverTestObserver testCaseDidFinish:]
16:33:12.798 Xcode[7463:10555363] _XCT_testCaseDidFinishForTestClass:UN_ItemPersistanceTest method:testItemList withStatus:passed duration:0.0056610107421875
16:33:12.795 glass_CH[13470:11247352] -[_XCTestDriverTestObserver testCaseWillStart:] UN_ItemPersistanceTest testPerformanceExample
16:33:12.798 Xcode[7463:10555363] _XCT_testCaseDidStartForTestClass:UN_ItemPersistanceTest method:testPerformanceExample
Test Case '-[UN_ImageMetadataUtilsTest testPrepareItemToBeEdited_withImagesPendingToBeMigrated_OneNewImageAndOneExixtingOne]' passed (0.000 seconds).
Test Suite 'UN_ImageMetadataUtilsTest' passed at 2016-05-13 16:33:12.788.
	 Executed 43 tests, with 0 failures (0 unexpected) in 0.355 (0.460) seconds
Test Suite 'UN_ItemPersistanceTest' started at 2016-05-13 16:33:12.788
Test Case '-[UN_ItemPersistanceTest testItemList]' started.
Test Case '-[UN_ItemPersistanceTest testItemList]' passed (0.006 seconds).
Test Case '-[UN_ItemPersistanceTest testPerformanceExample]' started.
2016-05-13 16:33:12.962 glass_CH[13470:11247352] CUICatalog: Invalid asset name supplied: 
2016-05-13 16:33:12.963 glass_CH[13470:11247352] CUICatalog: Invalid asset name supplied: 
/Users/miguelag/dev-projects/axaglass-ios/glassTests/DataAccess/UN_ItemPersistanceTest.m:193: Test Case '-[UN_ItemPersistanceTest testPerformanceExample]' measured [Time, seconds] average: 0.000, relative standard deviation: 133.038%, values: [0.000002, 0.000000, 0.000000, 0.000000, 0.000000, 0.000000, 0.000000, 0.000000, 0.000000, 0.000000], performanceMetricID:com.apple.XCTPerformanceMetric_WallClockTime, baselineName: "", baselineAverage: , maxPercentRegression: 10.000%, maxPercentRelativeStandardDeviation: 10.000%, maxRegression: 0.100, maxStandardDeviation: 0.100
Test Case '-[UN_ItemPersistanceTest testPerformanceExample]' passed (0.253 seconds).
Test Case '-[UN_ItemPersistanceTest testSaveNewEmptyItem]' started.
Test Case '-[UN_ItemPersistanceTest testSaveNewEmptyItem]' passed (0.001 seconds).
Test Case '-[UN_ItemPersistanceTest testSaveNewItemWithBackendId]' started.
Test Case '-[UN_ItemPersistanceTest testSaveNewItemWithBackendId]' passed (0.004 seconds).
Test Case '-[UN_ItemPersistanceTest testSaveNewItemWithLocalId]' started.
Test Case '-[UN_ItemPersistanceTest testSaveNewItemWithLocalId]' passed (0.002 seconds).
Test Case '-[UN_ItemPersistanceTest testUpdateItem]' started.
Test Case '-[UN_ItemPersistanceTest testUpdateItem]' passed (0.002 seconds).
Test Suite 'UN_ItemPersistanceTest' passed at 2016-05-13 16:33:13.058.
	 Executed 6 tests, with 0 failures (0 unexpected) in 0.267 (0.270) seconds
Test Suite 'UN_ItemUseCasesImpTest' started at 2016-05-13 16:33:13.074
Test Case '-[UN_ItemUseCasesImpTest testItemUseCasesFindItemWithIdPersistanceIsCalled]' started.
/Users/miguelag/dev-projects/axaglass-ios/glassTests/Business/UN_ItemUseCasesImpTest.m:216: error: -[UN_ItemUseCasesImpTest testItemUseCasesFindItemWithIdPersistanceIsCalled] : Failed due to unwaited expectations.
Test Case '-[UN_ItemUseCasesImpTest testItemUseCasesFindItemWithIdPersistanceIsCalled]' failed (0.002 seconds).
Test Case '-[UN_ItemUseCasesImpTest testItemUseCasesListItemPersistanceIsCalled]' started.
/Users/miguelag/dev-projects/axaglass-ios/glassTests/Business/UN_ItemUseCasesImpTest.m:193: error: -[UN_ItemUseCasesImpTest testItemUseCasesListItemPersistanceIsCalled] : Failed due to unwaited expectations.
Test Case '-[UN_ItemUseCasesImpTest testItemUseCasesListItemPersistanceIsCalled]' failed (0.002 seconds).
Test Case '-[UN_ItemUseCasesImpTest testItemUseCasesSaveItemPersistanceIsCalled_success]' started.
Test Case '-[UN_ItemUseCasesImpTest testItemUseCasesSaveItemPersistanceIsCalled_success]' passed (0.009 seconds).
16:33:13.047 glass_CH[13470:11247352] -[_XCTestDriverTestObserver _testCase:didMeasureValues:forPerformanceMetricID:name:unitsOfMeasurement:baselineName:baselineAverage:maxPercentRegression:maxPercentRelativeStandardDeviation:maxRegression:maxStandardDeviation:file:line:]
16:33:13.097 Xcode[7463:10555363] -[_IDETestManagerAPIMediator _XCT_testMethod:ofClass:didMeasureMetric:file:line:]
16:33:13.047 glass_CH[13470:11247352] -[_XCTestDriverTestObserver testCaseDidFinish:]
16:33:13.097 Xcode[7463:10555363] _XCT_testCaseDidFinishForTestClass:UN_ItemPersistanceTest method:testPerformanceExample withStatus:passed duration:0.2525619864463806
16:33:13.048 glass_CH[13470:11247352] -[_XCTestDriverTestObserver testCaseWillStart:] UN_ItemPersistanceTest testSaveNewEmptyItem
16:33:13.097 Xcode[7463:10555363] _XCT_testCaseDidStartForTestClass:UN_ItemPersistanceTest method:testSaveNewEmptyItem
16:33:13.049 glass_CH[13470:11247352] -[_XCTestDriverTestObserver testCaseDidFinish:]
16:33:13.098 Xcode[7463:10555363] _XCT_testCaseDidFinishForTestClass:UN_ItemPersistanceTest method:testSaveNewEmptyItem withStatus:passed duration:0.0009330511093139648
16:33:13.049 glass_CH[13470:11247352] -[_XCTestDriverTestObserver testCaseWillStart:] UN_ItemPersistanceTest testSaveNewItemWithBackendId
16:33:13.099 Xcode[7463:10555363] _XCT_testCaseDidStartForTestClass:UN_ItemPersistanceTest method:testSaveNewItemWithBackendId
16:33:13.052 glass_CH[13470:11247352] -[_XCTestDriverTestObserver testCaseDidFinish:]
16:33:13.100 Xcode[7463:10555363] _XCT_testCaseDidFinishForTestClass:UN_ItemPersistanceTest method:testSaveNewItemWithBackendId withStatus:passed duration:0.003629982471466064
16:33:13.053 glass_CH[13470:11247352] -[_XCTestDriverTestObserver testCaseWillStart:] UN_ItemPersistanceTest testSaveNewItemWithLocalId
16:33:13.100 Xcode[7463:10555363] _XCT_testCaseDidStartForTestClass:UN_ItemPersistanceTest method:testSaveNewItemWithLocalId
16:33:13.055 glass_CH[13470:11247352] -[_XCTestDriverTestObserver testCaseDidFinish:]
16:33:13.100 Xcode[7463:10555363] _XCT_testCaseDidFinishForTestClass:UN_ItemPersistanceTest method:testSaveNewItemWithLocalId withStatus:passed duration:0.002364993095397949
16:33:13.056 glass_CH[13470:11247352] -[_XCTestDriverTestObserver testCaseWillStart:] UN_ItemPersistanceTest testUpdateItem
16:33:13.101 Xcode[7463:10555363] _XCT_testCaseDidStartForTestClass:UN_ItemPersistanceTest method:testUpdateItem
16:33:13.058 glass_CH[13470:11247352] -[_XCTestDriverTestObserver testCaseDidFinish:]
16:33:13.101 Xcode[7463:10555363] _XCT_testCaseDidFinishForTestClass:UN_ItemPersistanceTest method:testUpdateItem withStatus:passed duration:0.001880049705505371
16:33:13.074 glass_CH[13470:11247352] -[_XCTestDriverTestObserver testSuiteDidFinish:]
16:33:13.101 Xcode[7463:10555363] _XCT_testSuite:UN_ItemPersistanceTest didFinishAt:2016-05-13 14:33:13 +0000 runCount:6 withFailures:0 unexpected:0 testDuration:0.2670310735702515 totalDuration:0.2697130441665649
16:33:13.074 glass_CH[13470:11247352] -[_XCTestDriverTestObserver testSuiteWillStart:]
16:33:13.101 Xcode[7463:10555363] _XCT_testSuite:UN_ItemUseCasesImpTest didStartAt:2016-05-13 14:33:13 +0000
16:33:13.075 glass_CH[13470:11247352] -[_XCTestDriverTestObserver testCaseWillStart:] UN_ItemUseCasesImpTest testItemUseCasesFindItemWithIdPersistanceIsCalled
16:33:13.102 Xcode[7463:10555363] _XCT_testCaseDidStartForTestClass:UN_ItemUseCasesImpTest method:testItemUseCasesFindItemWithIdPersistanceIsCalled
16:33:13.076 glass_CH[13470:11247352] -[_XCTestDriverTestObserver testCase:didFailWithDescription:inFile:atLine:]
16:33:13.102 Xcode[7463:10555363] _XCT_testCaseDidFailForTestClass:UN_ItemUseCasesImpTest method:testItemUseCasesFindItemWithIdPersistanceIsCalled withMessage:Failed due to unwaited expectations. file:/Users/miguelag/dev-projects/axaglass-ios/glassTests/Business/UN_ItemUseCasesImpTest.m line:216
16:33:13.076 glass_CH[13470:11247352] -[_XCTestDriverTestObserver testCaseDidFinish:]
16:33:13.102 Xcode[7463:10555363] _XCT_testCaseDidFinishForTestClass:UN_ItemUseCasesImpTest method:testItemUseCasesFindItemWithIdPersistanceIsCalled withStatus:failed duration:0.001837015151977539
16:33:13.077 glass_CH[13470:11247352] -[_XCTestDriverTestObserver testCaseWillStart:] UN_ItemUseCasesImpTest testItemUseCasesListItemPersistanceIsCalled
16:33:13.207 Xcode[7463:10555363] _XCT_testCaseDidStartForTestClass:UN_ItemUseCasesImpTest method:testItemUseCasesListItemPersistanceIsCalled
16:33:13.079 glass_CH[13470:11247352] -[_XCTestDriverTestObserver testCase:didFailWithDescription:inFile:atLine:]
16:33:13.217 Xcode[7463:10555363] _XCT_testCaseDidFailForTestClass:UN_ItemUseCasesImpTest method:testItemUseCasesListItemPersistanceIsCalled withMessage:Failed due to unwaited expectations. file:/Users/miguelag/dev-projects/axaglass-ios/glassTests/Business/UN_ItemUseCasesImpTest.m line:193
16:33:13.079 glass_CH[13470:11247352] -[_XCTestDriverTestObserver testCaseDidFinish:]
16:33:13.225 Xcode[7463:11247115] (LOG ARBITER) Dumping buffered message data; 0 messages.
16:33:13.519 Xcode[7463:11247115] (LOG ARBITER) Dumping buffered message data; 0 messages.
16:33:13.522 Xcode[7463:11247115] (LOG ARBITER) Dumping buffered message data; 0 messages.
16:33:13.524 Xcode[7463:11247115] (LOG ARBITER) Dumping buffered message data; 0 messages.
16:33:13.217 Xcode[7463:10555363] _XCT_testCaseDidFinishForTestClass:UN_ItemUseCasesImpTest method:testItemUseCasesListItemPersistanceIsCalled withStatus:failed duration:0.002251982688903809
16:33:13.088 glass_CH[13470:11247352] -[_XCTestDriverTestObserver testCaseWillStart:] UN_ItemUseCasesImpTest testItemUseCasesSaveItemPersistanceIsCalled_success
16:33:13.222 Xcode[7463:10555363] _XCT_testCaseDidStartForTestClass:UN_ItemUseCasesImpTest method:testItemUseCasesSaveItemPersistanceIsCalled_success
16:33:13.088 glass_CH[13470:11247352] -[_XCTestDriverTestObserver testCaseDidFinish:]
16:33:13.225 Xcode[7463:10555363] _XCT_testCaseDidFinishForTestClass:UN_ItemUseCasesImpTest method:testItemUseCasesSaveItemPersistanceIsCalled_success withStatus:passed duration:0.008747994899749756
16:33:13.088 glass_CH[13470:11247352] -[_XCTestDriverTestObserver testCaseWillStart:] UN_ItemUseCasesImpTest testPerformanceExample
16:33:13.226 Xcode[7463:10555363] _XCT_testCaseDidStartForTestClass:UN_ItemUseCasesImpTest method:testPerformanceExample
16:33:12.963 glass_CH[13470] CUICatalog: Invalid asset name supplied: 
16:33:12.963 glass_CH[13470] CUICatalog: Invalid asset name supplied: 
Test Case '-[UN_ItemUseCasesImpTest testPerformanceExample]' started.
/Users/miguelag/dev-projects/axaglass-ios/glassTests/Business/UN_ItemUseCasesImpTest.m:236: Test Case '-[UN_ItemUseCasesImpTest testPerformanceExample]' measured [Time, seconds] average: 0.000, relative standard deviation: 90.562%, values: [0.000002, 0.000001, 0.000000, 0.000000, 0.000000, 0.000000, 0.000000, 0.000000, 0.000000, 0.000000], performanceMetricID:com.apple.XCTPerformanceMetric_WallClockTime, baselineName: "", baselineAverage: , maxPercentRegression: 10.000%, maxPercentRelativeStandardDeviation: 10.000%, maxRegression: 0.100, maxStandardDeviation: 0.100
Test Case '-[UN_ItemUseCasesImpTest testPerformanceExample]' passed (0.252 seconds).
Test Case '-[UN_ItemUseCasesImpTest testSaveItem_failure_RestClientErrorBadGetaway]' started.
Test Case '-[UN_ItemUseCasesImpTest testSaveItem_failure_RestClientErrorBadGetaway]' passed (0.001 seconds).
Test Case '-[UN_ItemUseCasesImpTest testSaveItem_failure_RestClientErrorNoInternet]' started.
Test Case '-[UN_ItemUseCasesImpTest testSaveItem_failure_RestClientErrorNoInternet]' passed (0.001 seconds).
Test Case '-[UN_ItemUseCasesImpTest testSaveItem_failure_RestClientErrorUnknown]' started.
2016-05-13 16:33:13.344 glass_CH[13470:11247352] should return the business Error (1) for RestError (500)
/Users/miguelag/dev-projects/axaglass-ios/glassTests/Business/UN_ItemUseCasesImpTest.m:143: error: -[UN_ItemUseCasesImpTest testSaveItem_failure_RestClientErrorUnknown] : ((error.code) equal to (businessError)) failed: ("0") is not equal to ("1") - Expected business error code
Test Case '-[UN_ItemUseCasesImpTest testSaveItem_failure_RestClientErrorUnknown]' failed (0.096 seconds).
Test Suite 'UN_ItemUseCasesImpTest' failed at 2016-05-13 16:33:13.440.
	 Executed 7 tests, with 3 failures (2 unexpected) in 0.362 (0.365) seconds
Test Suite 'UN_UseCasesBaseTest' started at 2016-05-13 16:33:13.440
Test Case '-[UN_UseCasesBaseTest testBusinessErrorFromBusinessErrorCode]' started.
Test Case '-[UN_UseCasesBaseTest testBusinessErrorFromBusinessErrorCode]' passed (0.002 seconds).
Test Case '-[UN_UseCasesBaseTest testBusinessErrorMessageFromBusinessError]' started.
Test Case '-[UN_UseCasesBaseTest testBusinessErrorMessageFromBusinessError]' passed (0.000 seconds).
Test Case '-[UN_UseCasesBaseTest testBusinessErrorMessageFromBusinessErrorCode]' started.
Test Case '-[UN_UseCasesBaseTest testBusinessErrorMessageFromBusinessErrorCode]' passed (0.057 seconds).
Test Case '-[UN_UseCasesBaseTest testBusinessErrorWithLoginError]' started.
Test Case '-[UN_UseCasesBaseTest testBusinessErrorWithLoginError]' passed (0.001 seconds).
Test Case '-[UN_UseCasesBaseTest testBusinessErrorWithRestError]' started.
Test Case '-[UN_UseCasesBaseTest testBusinessErrorWithRestError]' passed (0.001 seconds).
16:33:13.340 glass_CH[13470:11247352] -[_XCTestDriverTestObserver _testCase:didMeasureValues:forPerformanceMetricID:name:unitsOfMeasurement:baselineName:baselineAverage:maxPercentRegression:maxPercentRelativeStandardDeviation:maxRegression:maxStandardDeviation:file:line:]
16:33:13.519 Xcode[7463:10555363] -[_IDETestManagerAPIMediator _XCT_testMethod:ofClass:didMeasureMetric:file:line:]
16:33:13.340 glass_CH[13470:11247352] -[_XCTestDriverTestObserver testCaseDidFinish:]
16:33:13.519 Xcode[7463:10555363] _XCT_testCaseDidFinishForTestClass:UN_ItemUseCasesImpTest method:testPerformanceExample withStatus:passed duration:0.2519629597663879
16:33:13.341 glass_CH[13470:11247352] -[_XCTestDriverTestObserver testCaseWillStart:] UN_ItemUseCasesImpTest testSaveItem_failure_RestClientErrorBadGetaway
16:33:13.520 Xcode[7463:10555363] _XCT_testCaseDidStartForTestClass:UN_ItemUseCasesImpTest method:testSaveItem_failure_RestClientErrorBadGetaway
16:33:13.342 glass_CH[13470:11247352] -[_XCTestDriverTestObserver testCaseDidFinish:]
16:33:13.522 Xcode[7463:10555363] _XCT_testCaseDidFinishForTestClass:UN_ItemUseCasesImpTest method:testSaveItem_failure_RestClientErrorBadGetaway withStatus:passed duration:0.0008620023727416992
16:33:13.342 glass_CH[13470:11247352] -[_XCTestDriverTestObserver testCaseWillStart:] UN_ItemUseCasesImpTest testSaveItem_failure_RestClientErrorNoInternet
16:33:13.523 Xcode[7463:10555363] _XCT_testCaseDidStartForTestClass:UN_ItemUseCasesImpTest method:testSaveItem_failure_RestClientErrorNoInternet
16:33:13.343 glass_CH[13470:11247352] -[_XCTestDriverTestObserver testCaseDidFinish:]
16:33:13.524 Xcode[7463:10555363] _XCT_testCaseDidFinishForTestClass:UN_ItemUseCasesImpTest method:testSaveItem_failure_RestClientErrorNoInternet withStatus:passed duration:0.0008830428123474121
16:33:13.344 glass_CH[13470:11247352] -[_XCTestDriverTestObserver testCaseWillStart:] UN_ItemUseCasesImpTest testSaveItem_failure_RestClientErrorUnknown
16:33:13.525 Xcode[7463:10555363] _XCT_testCaseDidStartForTestClass:UN_ItemUseCasesImpTest method:testSaveItem_failure_RestClientErrorUnknown
16:33:13.439 glass_CH[13470:11247352] -[_XCTestDriverTestObserver testCase:didFailWithDescription:inFile:atLine:]
16:33:13.527 Xcode[7463:10555363] _XCT_testCaseDidFailForTestClass:UN_ItemUseCasesImpTest method:testSaveItem_failure_RestClientErrorUnknown withMessage:((error.code) equal to (businessError)) failed: ("0") is not equal to ("1") - Expected business error code file:/Users/miguelag/dev-projects/axaglass-ios/glassTests/Business/UN_ItemUseCasesImpTest.m line:143
16:33:13.439 glass_CH[13470:11247352] -[_XCTestDriverTestObserver testCaseDidFinish:]
16:33:13.533 Xcode[7463:11247115] (LOG ARBITER) Dumping buffered message data; 0 messages.
16:33:13.535 Xcode[7463:11247115] (LOG ARBITER) Dumping buffered message data; 0 messages.
16:33:13.536 Xcode[7463:11247173] (LOG ARBITER) Dumping buffered message data; 0 messages.
16:33:13.538 Xcode[7463:11247173] (LOG ARBITER) Dumping buffered message data; 0 messages.
16:33:13.539 Xcode[7463:11247173] (LOG ARBITER) Dumping buffered message data; 0 messages.
16:33:13.911 Xcode[7463:11247115] (LOG ARBITER) Dumping buffered message data; 0 messages.
16:33:14.041 Xcode[7463:11247180] (LOG ARBITER) Dumping buffered message data; 0 messages.
16:33:13.527 Xcode[7463:10555363] _XCT_testCaseDidFinishForTestClass:UN_ItemUseCasesImpTest method:testSaveItem_failure_RestClientErrorUnknown withStatus:failed duration:0.09561800956726074
16:33:13.440 glass_CH[13470:11247352] -[_XCTestDriverTestObserver testSuiteDidFinish:]
16:33:13.531 Xcode[7463:10555363] _XCT_testSuite:UN_ItemUseCasesImpTest didFinishAt:2016-05-13 14:33:13 +0000 runCount:7 withFailures:3 unexpected:2 testDuration:0.3621630072593689 totalDuration:0.365460991859436
16:33:13.440 glass_CH[13470:11247352] -[_XCTestDriverTestObserver testSuiteWillStart:]
16:33:13.531 Xcode[7463:10555363] _XCT_testSuite:UN_UseCasesBaseTest didStartAt:2016-05-13 14:33:13 +0000
16:33:13.440 glass_CH[13470:11247352] -[_XCTestDriverTestObserver testCaseWillStart:] UN_UseCasesBaseTest testBusinessErrorFromBusinessErrorCode
16:33:13.532 Xcode[7463:10555363] _XCT_testCaseDidStartForTestClass:UN_UseCasesBaseTest method:testBusinessErrorFromBusinessErrorCode
16:33:13.443 glass_CH[13470:11247352] -[_XCTestDriverTestObserver testCaseDidFinish:]
16:33:13.533 Xcode[7463:10555363] _XCT_testCaseDidFinishForTestClass:UN_UseCasesBaseTest method:testBusinessErrorFromBusinessErrorCode withStatus:passed duration:0.002344012260437012
16:33:13.443 glass_CH[13470:11247352] -[_XCTestDriverTestObserver testCaseWillStart:] UN_UseCasesBaseTest testBusinessErrorMessageFromBusinessError
16:33:13.534 Xcode[7463:10555363] _XCT_testCaseDidStartForTestClass:UN_UseCasesBaseTest method:testBusinessErrorMessageFromBusinessError
16:33:13.444 glass_CH[13470:11247352] -[_XCTestDriverTestObserver testCaseDidFinish:]
16:33:13.535 Xcode[7463:10555363] _XCT_testCaseDidFinishForTestClass:UN_UseCasesBaseTest method:testBusinessErrorMessageFromBusinessError withStatus:passed duration:0.0004789829254150391
16:33:13.444 glass_CH[13470:11247352] -[_XCTestDriverTestObserver testCaseWillStart:] UN_UseCasesBaseTest testBusinessErrorMessageFromBusinessErrorCode
16:33:13.535 Xcode[7463:10555363] _XCT_testCaseDidStartForTestClass:UN_UseCasesBaseTest method:testBusinessErrorMessageFromBusinessErrorCode
16:33:13.501 glass_CH[13470:11247352] -[_XCTestDriverTestObserver testCaseDidFinish:]
16:33:13.536 Xcode[7463:10555363] _XCT_testCaseDidFinishForTestClass:UN_UseCasesBaseTest method:testBusinessErrorMessageFromBusinessErrorCode withStatus:passed duration:0.05729895830154419
16:33:13.502 glass_CH[13470:11247352] -[_XCTestDriverTestObserver testCaseWillStart:] UN_UseCasesBaseTest testBusinessErrorWithLoginError
16:33:13.537 Xcode[7463:10555363] _XCT_testCaseDidStartForTestClass:UN_UseCasesBaseTest method:testBusinessErrorWithLoginError
16:33:13.502 glass_CH[13470:11247352] -[_XCTestDriverTestObserver testCaseDidFinish:]
16:33:13.538 Xcode[7463:10555363] _XCT_testCaseDidFinishForTestClass:UN_UseCasesBaseTest method:testBusinessErrorWithLoginError withStatus:passed duration:0.0006420016288757324
16:33:13.503 glass_CH[13470:11247352] -[_XCTestDriverTestObserver testCaseWillStart:] UN_UseCasesBaseTest testBusinessErrorWithRestError
16:33:13.538 Xcode[7463:10555363] _XCT_testCaseDidStartForTestClass:UN_UseCasesBaseTest method:testBusinessErrorWithRestError
16:33:13.503 glass_CH[13470:11247352] -[_XCTestDriverTestObserver testCaseDidFinish:]
16:33:13.539 Xcode[7463:10555363] _XCT_testCaseDidFinishForTestClass:UN_UseCasesBaseTest method:testBusinessErrorWithRestError withStatus:passed duration:0.0006120204925537109
16:33:13.504 glass_CH[13470:11247352] -[_XCTestDriverTestObserver testCaseWillStart:] UN_UseCasesBaseTest testPerformanceExample
16:33:13.540 Xcode[7463:10555363] _XCT_testCaseDidStartForTestClass:UN_UseCasesBaseTest method:testPerformanceExample
16:33:13.344 glass_CH[13470] should return the business Error (1) for RestError (500)
Test Case '-[UN_UseCasesBaseTest testPerformanceExample]' started.
16:33:13.759 glass_CH[13470:11247352] -[_XCTestDriverTestObserver _testCase:didMeasureValues:forPerformanceMetricID:name:unitsOfMeasurement:baselineName:baselineAverage:maxPercentRegression:maxPercentRelativeStandardDeviation:maxRegression:maxStandardDeviation:file:line:]
16:33:13.911 Xcode[7463:10555363] -[_IDETestManagerAPIMediator _XCT_testMethod:ofClass:didMeasureMetric:file:line:]
16:33:13.760 glass_CH[13470:11247352] -[_XCTestDriverTestObserver testCaseDidFinish:]
16:33:13.911 Xcode[7463:10555363] _XCT_testCaseDidFinishForTestClass:UN_UseCasesBaseTest method:testPerformanceExample withStatus:passed duration:0.2563909888267517
16:33:13.761 glass_CH[13470:11247352] -[_XCTestDriverTestObserver testSuiteDidFinish:]
16:33:13.911 Xcode[7463:10555363] _XCT_testSuite:UN_UseCasesBaseTest didFinishAt:2016-05-13 14:33:13 +0000 runCount:6 withFailures:0 unexpected:0 testDuration:0.3177669644355774 totalDuration:0.320605993270874
16:33:13.761 glass_CH[13470:11247352] -[_XCTestDriverTestObserver testSuiteWillStart:]
16:33:13.911 Xcode[7463:10555363] _XCT_testSuite:UN_UserPersistanceTest didStartAt:2016-05-13 14:33:13 +0000
16:33:13.762 glass_CH[13470:11247352] -[_XCTestDriverTestObserver testCaseWillStart:] UN_UserPersistanceTest testPerformanceExample
16:33:13.911 Xcode[7463:10555363] _XCT_testCaseDidStartForTestClass:UN_UserPersistanceTest method:testPerformanceExample
/Users/miguelag/dev-projects/axaglass-ios/glassTests/Business/UN_UseCasesBaseTest.m:264: Test Case '-[UN_UseCasesBaseTest testPerformanceExample]' measured [Time, seconds] average: 0.000, relative standard deviation: 94.733%, values: [0.000001, 0.000000, 0.000000, 0.000000, 0.000000, 0.000000, 0.000000, 0.000000, 0.000000, 0.000000], performanceMetricID:com.apple.XCTPerformanceMetric_WallClockTime, baselineName: "", baselineAverage: , maxPercentRegression: 10.000%, maxPercentRelativeStandardDeviation: 10.000%, maxRegression: 0.100, maxStandardDeviation: 0.100
Test Case '-[UN_UseCasesBaseTest testPerformanceExample]' passed (0.256 seconds).
Test Suite 'UN_UseCasesBaseTest' passed at 2016-05-13 16:33:13.761.
	 Executed 6 tests, with 0 failures (0 unexpected) in 0.318 (0.321) seconds
Test Suite 'UN_UserPersistanceTest' started at 2016-05-13 16:33:13.761
Test Case '-[UN_UserPersistanceTest testPerformanceExample]' started.
/Users/miguelag/dev-projects/axaglass-ios/glassTests/DataAccess/UN_UserPersistanceTest.m:74: Test Case '-[UN_UserPersistanceTest testPerformanceExample]' measured [Time, seconds] average: 0.000, relative standard deviation: 96.323%, values: [0.000001, 0.000000, 0.000000, 0.000000, 0.000000, 0.000000, 0.000000, 0.000000, 0.000000, 0.000000], performanceMetricID:com.apple.XCTPerformanceMetric_WallClockTime, baselineName: "", baselineAverage: , maxPercentRegression: 10.000%, maxPercentRelativeStandardDeviation: 10.000%, maxRegression: 0.100, maxStandardDeviation: 0.100
Test Case '-[UN_UserPersistanceTest testPerformanceExample]' passed (0.254 seconds).
16:33:14.015 glass_CH[13470:11247352] -[_XCTestDriverTestObserver _testCase:didMeasureValues:forPerformanceMetricID:name:unitsOfMeasurement:baselineName:baselineAverage:maxPercentRegression:maxPercentRelativeStandardDeviation:maxRegression:maxStandardDeviation:file:line:]
16:33:14.041 Xcode[7463:10555363] -[_IDETestManagerAPIMediator _XCT_testMethod:ofClass:didMeasureMetric:file:line:]
16:33:14.016 glass_CH[13470:11247352] -[_XCTestDriverTestObserver testCaseDidFinish:]
16:33:14.041 Xcode[7463:10555363] _XCT_testCaseDidFinishForTestClass:UN_UserPersistanceTest method:testPerformanceExample withStatus:passed duration:0.253898024559021
16:33:14.016 glass_CH[13470:11247352] -[_XCTestDriverTestObserver testCaseWillStart:] UN_UserPersistanceTest testSaveNewEmptyItem
16:33:14.042 Xcode[7463:10555363] _XCT_testCaseDidStartForTestClass:UN_UserPersistanceTest method:testSaveNewEmptyItem
Test Case '-[UN_UserPersistanceTest testSaveNewEmptyItem]' started.
/Users/miguelag/dev-projects/axaglass-ios/glassTests/DataAccess/UN_UserPersistanceTest.m:42: error: -[UN_UserPersistanceTest testSaveNewEmptyItem] : failed: caught "NSUnknownKeyException", "[<NSManagedObject 0x7fae83f28d70> setValue:forUndefinedKey:]: the entity User is not key value coding-compliant for the key "migrated"."
(
	0   CoreFoundation                      0x0000000107222d85 __exceptionPreprocess + 165
	1   libobjc.A.dylib                     0x0000000106574deb objc_exception_throw + 48
	2   CoreFoundation                      0x00000001072229c9 -[NSException raise] + 9
	3   glass_CH                            0x0000000102e8b2bc -[PersistanceImp userToManagedObject:] + 556
	4   glass_CH                            0x0000000102e84b5f -[PersistanceImp saveUser:] + 175
	5   glass_CH_Tests                      0x00000001140f4cbd -[UN_UserPersistanceTest testSaveNewEmptyItem] + 253
	6   CoreFoundation                      0x000000010710b5cc __invoking___ + 140
	7   CoreFoundation                      0x000000010710b41e -[NSInvocation invoke] + 286
	8   XCTest                              0x0000000113a6def3 __24-[XCTestCase invokeTest]_block_invoke_2 + 362
	9   XCTest                              0x0000000113aa2613 -[XCTestContext performInScope:] + 190
	10  XCTest                              0x0000000113a6dd78 -[XCTestCase invokeTest] + 169
	11  XCTest                              0x0000000113a6e3a2 -[XCTestCase performTest:] + 459
	12  XCTest                              0x0000000113a6bcf7 -[XCTestSuite performTest:] + 396
	13  XCTest                              0x0000000113a6bcf7 -[XCTestSuite performTest:] + 396
	14  XCTest                              0x0000000113a6bcf7 -[XCTestSuite performTest:] + 396
	15  XCTest                              0x0000000113a58b10 __25-[XCTestDriver _runSuite]_block_invoke + 51
	16  XCTest                              0x0000000113a79b4c -[XCTestObservationCenter _observeTestExecutionForBlock:] + 640
	17  XCTest                              0x0000000113a58a55 -[XCTestDriver _runSuite] + 453
	18  XCTest                              0x0000000113a597d1 -[XCTestDriver _checkForTestManager] + 259
	19  XCTest                              0x0000000113aa3a9a _XCTestMain + 628
	20  CoreFoundation                      0x00000001071482ec __CFRUNLOOP_IS_CALLING_OUT_TO_A_BLOCK__ + 12
	21  CoreFoundation                      0x000000010713df75 __CFRunLoopDoBlocks + 341
	22  CoreFoundation                      0x000000010713d6d2 __CFRunLoopRun + 850
	23  CoreFoundation                      0x000000010713d0f8 CFRunLoopRunSpecific + 488
	24  GraphicsServices                    0x00000001097ebad2 GSEventRunModal + 161
	25  UIKit                               0x0000000104ff8f09 UIApplicationMain + 171
	26  glass_CH                            0x0000000102de7e61 main + 2177
	27  libdyld.dylib                       0x0000000107ff892d start + 1
)
Test Case '-[UN_UserPersistanceTest testSaveNewEmptyItem]' failed (0.318 seconds).
16:33:14.334 glass_CH[13470:11247352] -[_XCTestDriverTestObserver testCase:didFailWithDescription:inFile:atLine:]
16:33:14.354 Xcode[7463:10555363] _XCT_testCaseDidFailForTestClass:UN_UserPersistanceTest method:testSaveNewEmptyItem withMessage:failed: caught "NSUnknownKeyException", "[<NSManagedObject 0x7fae83f28d70> setValue:forUndefinedKey:]: the entity User is not key value coding-compliant for the key "migrated"."
(
	0   CoreFoundation                      0x0000000107222d85 __exceptionPreprocess + 165
	1   libobjc.A.dylib                     0x0000000106574deb objc_exception_throw + 48
	2   CoreFoundation                      0x00000001072229c9 -[NSException raise] + 9
	3   glass_CH                            0x0000000102e8b2bc -[PersistanceImp userToManagedObject:] + 556
	4   glass_CH                            0x0000000102e84b5f -[PersistanceImp saveUser:] + 175
	5   glass_CH_Tests                      0x00000001140f4cbd -[UN_UserPersistanceTest testSaveNewEmptyItem] + 253
	6   CoreFoundation                      0x000000010710b5cc __invoking___ + 140
	7   CoreFoundation                      0x000000010710b41e -[NSInvocation invoke] + 286
	8   XCTest                              0x0000000113a6def3 __24-[XCTestCase invokeTest]_block_invoke_2 + 362
	9   XCTest                              0x0000000113aa2613 -[XCTestContext performInScope:] + 190
	10  XCTest                              0x0000000113a6dd78 -[XCTestCase invokeTest] + 169
	11  XCTest                              0x0000000113a6e3a2 -[XCTestCase performTest:] + 459
	12  XCTest                              0x0000000113a6bcf7 -[XCTestSuite performTest:] + 396
	13  XCTest                              0x0000000113a6bcf7 -[XCTestSuite performTest:] + 396
	14  XCTest                              0x0000000113a6bcf7 -[XCTestSuite performTest:] + 396
	15  XCTest                              0x0000000113a58b10 __25-[XCTestDriver _runSuite]_block_invoke + 51
	16  XCTest                              0x0000000113a79b4c -[XCTestObservationCenter _observeTestExecutionForBlock:] + 640
	17  XCTest                              0x0000000113a58a55 -[XCTestDriver _runSuite] + 453
	18  XCTest                              0x0000000113a597d1 -[XCTestDriver _checkForTestManager] + 259
	19  XCTest                              0x0000000113aa3a9a _XCTestMain + 628
	20  CoreFoundation                      0x00000001071482ec __CFRUNLOOP_IS_CALLING_OUT_TO_A_BLOCK__ + 12
	21  CoreFoundation                      0x000000010713df75 __CFRunLoopDoBlocks + 341
	22  CoreFoundation                      0x000000010713d6d2 __CFRunLoopRun + 850
	23  CoreFoundation                      0x000000010713d0f8 CFRunLoopRunSpecific + 488
	24  GraphicsServices                    0x00000001097ebad2 GSEventRunModal + 161
	25  UIKit                               0x0000000104ff8f09 UIApplicationMain + 171
	26  glass_CH                            0x0000000102de7e61 main + 2177
	27  libdyld.dylib                       0x0000000107ff892d start + 1
) file:/Users/miguelag/dev-projects/axaglass-ios/glassTests/DataAccess/UN_UserPersistanceTest.m line:42
16:33:14.334 glass_CH[13470:11247352] -[_XCTestDriverTestObserver testCaseDidFinish:]
16:33:14.440 Xcode[7463:11247180] (LOG ARBITER) Dumping buffered message data; 0 messages.
16:33:14.355 Xcode[7463:10555363] _XCT_testCaseDidFinishForTestClass:UN_UserPersistanceTest method:testSaveNewEmptyItem withStatus:failed duration:0.3183929920196533
16:33:14.340 glass_CH[13470:11247352] -[_XCTestDriverTestObserver testCaseWillStart:] UN_UserPersistanceTest testUserId
16:33:14.360 Xcode[7463:10555363] _XCT_testCaseDidStartForTestClass:UN_UserPersistanceTest method:testUserId
Test Case '-[UN_UserPersistanceTest testUserId]' started.
Test Case '-[UN_UserPersistanceTest testUserId]' passed (0.048 seconds).
Test Suite 'UN_UserPersistanceTest' failed at 2016-05-13 16:33:14.384.
	 Executed 3 tests, with 1 failure (1 unexpected) in 0.621 (0.622) seconds
Test Suite 'glass_CH_Tests.xctest' failed at 2016-05-13 16:33:14.384.
	 Executed 65 tests, with 4 failures (3 unexpected) in 1.923 (2.057) seconds
16:33:14.383 glass_CH[13470:11247352] -[_XCTestDriverTestObserver testCaseDidFinish:]
16:33:14.440 Xcode[7463:10555363] _XCT_testCaseDidFinishForTestClass:UN_UserPersistanceTest method:testUserId withStatus:passed duration:0.04846596717834473
16:33:14.384 glass_CH[13470:11247352] -[_XCTestDriverTestObserver testSuiteDidFinish:]
16:33:14.441 Xcode[7463:10555363] _XCT_testSuite:UN_UserPersistanceTest didFinishAt:2016-05-13 14:33:14 +0000 runCount:3 withFailures:1 unexpected:1 testDuration:0.620756983757019 totalDuration:0.6224980354309082
16:33:14.384 glass_CH[13470:11247352] -[_XCTestDriverTestObserver testSuiteDidFinish:]
16:33:14.441 Xcode[7463:10555363] _XCT_testSuite:glass_CH_Tests.xctest didFinishAt:2016-05-13 14:33:14 +0000 runCount:65 withFailures:4 unexpected:3 testDuration:1.923122048377991 totalDuration:2.057362973690033
16:33:14.385 glass_CH[13470:11247352] -[_XCTestDriverTestObserver testSuiteDidFinish:]
16:33:14.441 Xcode[7463:10555363] _XCT_testSuite:All tests didFinishAt:2016-05-13 14:33:14 +0000 runCount:65 withFailures:4 unexpected:3 testDuration:1.923122048377991 totalDuration:2.058522045612335
16:33:14.385 glass_CH[13470:11247352] Finished running suite.
16:33:14.385 glass_CH[13470:11247352] -[_XCTestDriverTestObserver testBundleDidFinish:], Flushing connection to IDE...
16:33:14.441 Xcode[7463:10555363] -[_IDETestManagerAPIMediator _XCT_didFinishExecutingTestPlan]
16:33:14.441 Xcode[7463:10555363] _finishWithError:(null) didCancel: 0
16:33:14.501 Xcode[7463:10555363] Launch session expired.
16:33:14.442 glass_CH[13470:11247352] Calling completion.
16:33:14.447 testmanagerd[11702:11247436] Test process connection invalidated or interrupted, closing test session <XCTestSession: 0x7ff268421590>.
16:33:14.448 testmanagerd[11702:11247107] Closed <XCTestSession: 0x7ff268421590>, removing from (
    "<XCTestSession: 0x7ff268421590>"
)
16:33:14.448 testmanagerd[11702:11247107] Tearing down test session <XCTestSession: 0x7ff268421590>.
16:33:14.449 testmanagerd[11702:11247107] Considering exiting, 0 test sessions, 4 sessions with identifiers, 0 unidentified sessions...
16:33:14.448 SpringBoard[94906] HW kbd: Failed to set (null) as keyboard focus
16:33:14.463 com.apple.CoreSimulator.SimDevice.D809AEA1-2805-4FE7-99F2-87D620F21C5D.launchd_sim[94890] Service exited with abnormal code: 1
16:33:14.649 Xcode[7463:10555363] Got death notice for pid 13470, removing from SimulatorSessionMap
